{"C:\\Users\\moham\\tessera-frontend\\src\\components\\PasswordChecker.jsx": {"path":"C:\\Users\\moham\\tessera-frontend\\src\\components\\PasswordChecker.jsx","all":false,"statementMap":{"0":{"start":{"line":1,"column":0},"end":{"line":1,"column":3}},"1":{"start":{"line":2,"column":0},"end":{"line":2,"column":28}},"2":{"start":{"line":3,"column":0},"end":{"line":3,"column":28}},"3":{"start":{"line":4,"column":0},"end":{"line":4,"column":27}},"4":{"start":{"line":5,"column":0},"end":{"line":5,"column":18}},"5":{"start":{"line":6,"column":0},"end":{"line":6,"column":29}},"6":{"start":{"line":7,"column":0},"end":{"line":7,"column":37}},"7":{"start":{"line":8,"column":0},"end":{"line":8,"column":27}},"8":{"start":{"line":9,"column":0},"end":{"line":9,"column":78}},"9":{"start":{"line":10,"column":0},"end":{"line":10,"column":3}},"10":{"start":{"line":11,"column":0},"end":{"line":11,"column":3}},"11":{"start":{"line":12,"column":0},"end":{"line":12,"column":0}},"12":{"start":{"line":13,"column":0},"end":{"line":13,"column":26}},"13":{"start":{"line":14,"column":0},"end":{"line":14,"column":55}},"14":{"start":{"line":15,"column":0},"end":{"line":15,"column":56}},"15":{"start":{"line":16,"column":0},"end":{"line":16,"column":60}},"16":{"start":{"line":17,"column":0},"end":{"line":17,"column":55}},"17":{"start":{"line":18,"column":0},"end":{"line":18,"column":0}},"18":{"start":{"line":19,"column":0},"end":{"line":19,"column":3}},"19":{"start":{"line":20,"column":0},"end":{"line":20,"column":26}},"20":{"start":{"line":21,"column":0},"end":{"line":21,"column":24}},"21":{"start":{"line":22,"column":0},"end":{"line":22,"column":33}},"22":{"start":{"line":23,"column":0},"end":{"line":23,"column":34}},"23":{"start":{"line":24,"column":0},"end":{"line":24,"column":51}},"24":{"start":{"line":25,"column":0},"end":{"line":25,"column":78}},"25":{"start":{"line":26,"column":0},"end":{"line":26,"column":3}},"26":{"start":{"line":27,"column":0},"end":{"line":27,"column":48}},"27":{"start":{"line":28,"column":0},"end":{"line":28,"column":37}},"28":{"start":{"line":29,"column":0},"end":{"line":29,"column":32}},"29":{"start":{"line":30,"column":0},"end":{"line":30,"column":21}},"30":{"start":{"line":31,"column":0},"end":{"line":31,"column":59}},"31":{"start":{"line":32,"column":0},"end":{"line":32,"column":41}},"32":{"start":{"line":33,"column":0},"end":{"line":33,"column":48}},"33":{"start":{"line":34,"column":0},"end":{"line":34,"column":22}},"34":{"start":{"line":35,"column":0},"end":{"line":35,"column":7}},"35":{"start":{"line":36,"column":0},"end":{"line":36,"column":7}},"36":{"start":{"line":37,"column":0},"end":{"line":37,"column":23}},"37":{"start":{"line":38,"column":0},"end":{"line":38,"column":13}},"38":{"start":{"line":39,"column":0},"end":{"line":39,"column":16}},"39":{"start":{"line":40,"column":0},"end":{"line":40,"column":22}},"40":{"start":{"line":41,"column":0},"end":{"line":41,"column":18}},"41":{"start":{"line":42,"column":0},"end":{"line":42,"column":10}},"42":{"start":{"line":43,"column":0},"end":{"line":43,"column":13}},"43":{"start":{"line":44,"column":0},"end":{"line":44,"column":16}},"44":{"start":{"line":45,"column":0},"end":{"line":45,"column":22}},"45":{"start":{"line":46,"column":0},"end":{"line":46,"column":27}},"46":{"start":{"line":47,"column":0},"end":{"line":47,"column":10}},"47":{"start":{"line":48,"column":0},"end":{"line":48,"column":13}},"48":{"start":{"line":49,"column":0},"end":{"line":49,"column":16}},"49":{"start":{"line":50,"column":0},"end":{"line":50,"column":22}},"50":{"start":{"line":51,"column":0},"end":{"line":51,"column":22}},"51":{"start":{"line":52,"column":0},"end":{"line":52,"column":10}},"52":{"start":{"line":53,"column":0},"end":{"line":53,"column":13}},"53":{"start":{"line":54,"column":0},"end":{"line":54,"column":16}},"54":{"start":{"line":55,"column":0},"end":{"line":55,"column":22}},"55":{"start":{"line":56,"column":0},"end":{"line":56,"column":26}},"56":{"start":{"line":57,"column":0},"end":{"line":57,"column":10}},"57":{"start":{"line":58,"column":0},"end":{"line":58,"column":13}},"58":{"start":{"line":59,"column":0},"end":{"line":59,"column":16}},"59":{"start":{"line":60,"column":0},"end":{"line":60,"column":22}},"60":{"start":{"line":61,"column":0},"end":{"line":61,"column":24}},"61":{"start":{"line":62,"column":0},"end":{"line":62,"column":10}},"62":{"start":{"line":63,"column":0},"end":{"line":63,"column":0}},"63":{"start":{"line":64,"column":0},"end":{"line":64,"column":14}},"64":{"start":{"line":65,"column":0},"end":{"line":65,"column":20}},"65":{"start":{"line":66,"column":0},"end":{"line":66,"column":5}},"66":{"start":{"line":67,"column":0},"end":{"line":67,"column":4}},"67":{"start":{"line":68,"column":0},"end":{"line":68,"column":3}},"68":{"start":{"line":69,"column":0},"end":{"line":69,"column":40}},"69":{"start":{"line":70,"column":0},"end":{"line":70,"column":3}},"70":{"start":{"line":71,"column":0},"end":{"line":71,"column":29}},"71":{"start":{"line":72,"column":0},"end":{"line":72,"column":44}},"72":{"start":{"line":73,"column":0},"end":{"line":73,"column":32}},"73":{"start":{"line":74,"column":0},"end":{"line":74,"column":49}},"74":{"start":{"line":75,"column":0},"end":{"line":75,"column":30}},"75":{"start":{"line":76,"column":0},"end":{"line":76,"column":3}},"76":{"start":{"line":77,"column":0},"end":{"line":77,"column":0}},"77":{"start":{"line":78,"column":0},"end":{"line":78,"column":10}},"78":{"start":{"line":79,"column":0},"end":{"line":79,"column":6}},"79":{"start":{"line":80,"column":0},"end":{"line":80,"column":15}},"80":{"start":{"line":81,"column":0},"end":{"line":81,"column":20}},"81":{"start":{"line":82,"column":0},"end":{"line":82,"column":22}},"82":{"start":{"line":83,"column":0},"end":{"line":83,"column":39}},"83":{"start":{"line":84,"column":0},"end":{"line":84,"column":23}},"84":{"start":{"line":85,"column":0},"end":{"line":85,"column":45}},"85":{"start":{"line":86,"column":0},"end":{"line":86,"column":24}},"86":{"start":{"line":87,"column":0},"end":{"line":87,"column":21}},"87":{"start":{"line":88,"column":0},"end":{"line":88,"column":11}},"88":{"start":{"line":89,"column":0},"end":{"line":89,"column":72}},"89":{"start":{"line":90,"column":0},"end":{"line":90,"column":43}},"90":{"start":{"line":91,"column":0},"end":{"line":91,"column":17}},"91":{"start":{"line":92,"column":0},"end":{"line":92,"column":10}},"92":{"start":{"line":93,"column":0},"end":{"line":93,"column":14}},"93":{"start":{"line":94,"column":0},"end":{"line":94,"column":18}},"94":{"start":{"line":95,"column":0},"end":{"line":95,"column":30}},"95":{"start":{"line":96,"column":0},"end":{"line":96,"column":17}},"96":{"start":{"line":97,"column":0},"end":{"line":97,"column":70}},"97":{"start":{"line":98,"column":0},"end":{"line":98,"column":47}},"98":{"start":{"line":99,"column":0},"end":{"line":99,"column":20}},"99":{"start":{"line":100,"column":0},"end":{"line":100,"column":21}},"100":{"start":{"line":101,"column":0},"end":{"line":101,"column":36}},"101":{"start":{"line":102,"column":0},"end":{"line":102,"column":33}},"102":{"start":{"line":103,"column":0},"end":{"line":103,"column":64}},"103":{"start":{"line":104,"column":0},"end":{"line":104,"column":37}},"104":{"start":{"line":105,"column":0},"end":{"line":105,"column":18}},"105":{"start":{"line":106,"column":0},"end":{"line":106,"column":18}},"106":{"start":{"line":107,"column":0},"end":{"line":107,"column":18}},"107":{"start":{"line":108,"column":0},"end":{"line":108,"column":12}},"108":{"start":{"line":109,"column":0},"end":{"line":109,"column":19}},"109":{"start":{"line":110,"column":0},"end":{"line":110,"column":16}},"110":{"start":{"line":111,"column":0},"end":{"line":111,"column":7}},"111":{"start":{"line":112,"column":0},"end":{"line":112,"column":4}},"112":{"start":{"line":113,"column":0},"end":{"line":113,"column":1}}},"s":{"0":1,"1":1,"2":1,"3":1,"4":1,"5":1,"6":1,"7":1,"8":1,"9":1,"10":1,"11":1,"12":1,"13":1,"14":1,"15":1,"16":1,"17":1,"18":1,"19":1,"20":1,"21":1,"22":1,"23":1,"24":1,"25":1,"26":24,"27":24,"28":24,"29":117,"30":117,"31":117,"32":468,"33":12,"34":12,"35":117,"36":117,"37":117,"38":105,"39":105,"40":105,"41":105,"42":117,"43":12,"44":12,"45":12,"46":12,"47":117,"48":0,"49":0,"50":0,"51":0,"52":117,"53":0,"54":0,"55":0,"56":0,"57":117,"58":0,"59":0,"60":0,"61":0,"62":117,"63":117,"64":0,"65":117,"66":117,"67":24,"68":24,"69":24,"70":23,"71":24,"72":0,"73":24,"74":0,"75":0,"76":23,"77":23,"78":23,"79":23,"80":23,"81":23,"82":23,"83":0,"84":23,"85":0,"86":23,"87":24,"88":24,"89":24,"90":24,"91":24,"92":24,"93":24,"94":24,"95":2,"96":2,"97":2,"98":2,"99":0,"100":0,"101":0,"102":0,"103":0,"104":2,"105":2,"106":2,"107":24,"108":24,"109":24,"110":24,"111":24,"112":24},"branchMap":{"0":{"type":"branch","line":27,"loc":{"start":{"line":27,"column":0},"end":{"line":113,"column":1}},"locations":[{"start":{"line":27,"column":0},"end":{"line":113,"column":1}}]},"1":{"type":"branch","line":70,"loc":{"start":{"line":70,"column":2},"end":{"line":72,"column":43}},"locations":[{"start":{"line":70,"column":2},"end":{"line":72,"column":43}}]},"2":{"type":"branch","line":72,"loc":{"start":{"line":72,"column":43},"end":{"line":74,"column":13}},"locations":[{"start":{"line":72,"column":43},"end":{"line":74,"column":13}}]},"3":{"type":"branch","line":74,"loc":{"start":{"line":74,"column":2},"end":{"line":83,"column":39}},"locations":[{"start":{"line":74,"column":2},"end":{"line":83,"column":39}}]},"4":{"type":"branch","line":74,"loc":{"start":{"line":74,"column":48},"end":{"line":76,"column":3}},"locations":[{"start":{"line":74,"column":48},"end":{"line":76,"column":3}}]},"5":{"type":"branch","line":83,"loc":{"start":{"line":83,"column":31},"end":{"line":84,"column":23}},"locations":[{"start":{"line":83,"column":31},"end":{"line":84,"column":23}}]},"6":{"type":"branch","line":84,"loc":{"start":{"line":84,"column":16},"end":{"line":87,"column":21}},"locations":[{"start":{"line":84,"column":16},"end":{"line":87,"column":21}}]},"7":{"type":"branch","line":85,"loc":{"start":{"line":85,"column":35},"end":{"line":86,"column":24}},"locations":[{"start":{"line":85,"column":35},"end":{"line":86,"column":24}}]},"8":{"type":"branch","line":95,"loc":{"start":{"line":95,"column":17},"end":{"line":107,"column":18}},"locations":[{"start":{"line":95,"column":17},"end":{"line":107,"column":18}}]},"9":{"type":"branch","line":99,"loc":{"start":{"line":99,"column":18},"end":{"line":104,"column":37}},"locations":[{"start":{"line":99,"column":18},"end":{"line":104,"column":37}}]},"10":{"type":"branch","line":29,"loc":{"start":{"line":29,"column":25},"end":{"line":67,"column":4}},"locations":[{"start":{"line":29,"column":25},"end":{"line":67,"column":4}}]},"11":{"type":"branch","line":38,"loc":{"start":{"line":38,"column":6},"end":{"line":42,"column":10}},"locations":[{"start":{"line":38,"column":6},"end":{"line":42,"column":10}}]},"12":{"type":"branch","line":43,"loc":{"start":{"line":43,"column":6},"end":{"line":47,"column":10}},"locations":[{"start":{"line":43,"column":6},"end":{"line":47,"column":10}}]},"13":{"type":"branch","line":48,"loc":{"start":{"line":48,"column":6},"end":{"line":52,"column":10}},"locations":[{"start":{"line":48,"column":6},"end":{"line":52,"column":10}}]},"14":{"type":"branch","line":53,"loc":{"start":{"line":53,"column":6},"end":{"line":57,"column":10}},"locations":[{"start":{"line":53,"column":6},"end":{"line":57,"column":10}}]},"15":{"type":"branch","line":58,"loc":{"start":{"line":58,"column":6},"end":{"line":62,"column":10}},"locations":[{"start":{"line":58,"column":6},"end":{"line":62,"column":10}}]},"16":{"type":"branch","line":64,"loc":{"start":{"line":64,"column":6},"end":{"line":65,"column":20}},"locations":[{"start":{"line":64,"column":6},"end":{"line":65,"column":20}}]},"17":{"type":"branch","line":32,"loc":{"start":{"line":32,"column":26},"end":{"line":36,"column":5}},"locations":[{"start":{"line":32,"column":26},"end":{"line":36,"column":5}}]},"18":{"type":"branch","line":33,"loc":{"start":{"line":33,"column":47},"end":{"line":35,"column":7}},"locations":[{"start":{"line":33,"column":47},"end":{"line":35,"column":7}}]}},"b":{"0":[24],"1":[23],"2":[0],"3":[23],"4":[0],"5":[0],"6":[23],"7":[0],"8":[2],"9":[0],"10":[117],"11":[105],"12":[12],"13":[0],"14":[0],"15":[0],"16":[0],"17":[468],"18":[12]},"fnMap":{"0":{"name":"PasswordChecker","decl":{"start":{"line":27,"column":0},"end":{"line":113,"column":1}},"loc":{"start":{"line":27,"column":0},"end":{"line":113,"column":1}},"line":27},"1":{"name":"initPwdChecker","decl":{"start":{"line":29,"column":25},"end":{"line":67,"column":4}},"loc":{"start":{"line":29,"column":25},"end":{"line":67,"column":4}},"line":29}},"f":{"0":24,"1":117}}
,"C:\\Users\\moham\\tessera-frontend\\src\\components\\SignupOne.jsx": {"path":"C:\\Users\\moham\\tessera-frontend\\src\\components\\SignupOne.jsx","all":false,"statementMap":{"0":{"start":{"line":1,"column":0},"end":{"line":1,"column":3}},"1":{"start":{"line":2,"column":0},"end":{"line":2,"column":22}},"2":{"start":{"line":3,"column":0},"end":{"line":3,"column":22}},"3":{"start":{"line":4,"column":0},"end":{"line":4,"column":27}},"4":{"start":{"line":5,"column":0},"end":{"line":5,"column":18}},"5":{"start":{"line":6,"column":0},"end":{"line":6,"column":29}},"6":{"start":{"line":7,"column":0},"end":{"line":7,"column":40}},"7":{"start":{"line":8,"column":0},"end":{"line":8,"column":21}},"8":{"start":{"line":9,"column":0},"end":{"line":9,"column":72}},"9":{"start":{"line":10,"column":0},"end":{"line":10,"column":2}},"10":{"start":{"line":11,"column":0},"end":{"line":11,"column":3}},"11":{"start":{"line":12,"column":0},"end":{"line":12,"column":41}},"12":{"start":{"line":13,"column":0},"end":{"line":13,"column":0}},"13":{"start":{"line":14,"column":0},"end":{"line":14,"column":8}},"14":{"start":{"line":15,"column":0},"end":{"line":15,"column":17}},"15":{"start":{"line":16,"column":0},"end":{"line":16,"column":10}},"16":{"start":{"line":17,"column":0},"end":{"line":17,"column":13}},"17":{"start":{"line":18,"column":0},"end":{"line":18,"column":13}},"18":{"start":{"line":19,"column":0},"end":{"line":19,"column":15}},"19":{"start":{"line":20,"column":0},"end":{"line":20,"column":13}},"20":{"start":{"line":21,"column":0},"end":{"line":21,"column":12}},"21":{"start":{"line":22,"column":0},"end":{"line":22,"column":16}},"22":{"start":{"line":23,"column":0},"end":{"line":23,"column":8}},"23":{"start":{"line":24,"column":0},"end":{"line":24,"column":9}},"24":{"start":{"line":25,"column":0},"end":{"line":25,"column":11}},"25":{"start":{"line":26,"column":0},"end":{"line":26,"column":12}},"26":{"start":{"line":27,"column":0},"end":{"line":27,"column":8}},"27":{"start":{"line":28,"column":0},"end":{"line":28,"column":12}},"28":{"start":{"line":29,"column":0},"end":{"line":29,"column":13}},"29":{"start":{"line":30,"column":0},"end":{"line":30,"column":13}},"30":{"start":{"line":31,"column":0},"end":{"line":31,"column":12}},"31":{"start":{"line":32,"column":0},"end":{"line":32,"column":17}},"32":{"start":{"line":33,"column":0},"end":{"line":33,"column":10}},"33":{"start":{"line":34,"column":0},"end":{"line":34,"column":11}},"34":{"start":{"line":35,"column":0},"end":{"line":35,"column":14}},"35":{"start":{"line":36,"column":0},"end":{"line":36,"column":16}},"36":{"start":{"line":37,"column":0},"end":{"line":37,"column":12}},"37":{"start":{"line":38,"column":0},"end":{"line":38,"column":16}},"38":{"start":{"line":39,"column":0},"end":{"line":39,"column":10}},"39":{"start":{"line":40,"column":0},"end":{"line":40,"column":9}},"40":{"start":{"line":41,"column":0},"end":{"line":41,"column":7}},"41":{"start":{"line":42,"column":0},"end":{"line":42,"column":14}},"42":{"start":{"line":43,"column":0},"end":{"line":43,"column":12}},"43":{"start":{"line":44,"column":0},"end":{"line":44,"column":20}},"44":{"start":{"line":45,"column":0},"end":{"line":45,"column":24}},"45":{"start":{"line":46,"column":0},"end":{"line":46,"column":24}},"46":{"start":{"line":47,"column":0},"end":{"line":47,"column":9}},"47":{"start":{"line":48,"column":0},"end":{"line":48,"column":37}},"48":{"start":{"line":49,"column":0},"end":{"line":49,"column":0}},"49":{"start":{"line":50,"column":0},"end":{"line":50,"column":35}},"50":{"start":{"line":51,"column":0},"end":{"line":51,"column":0}},"51":{"start":{"line":52,"column":0},"end":{"line":52,"column":36}},"52":{"start":{"line":53,"column":0},"end":{"line":53,"column":53}},"53":{"start":{"line":54,"column":0},"end":{"line":54,"column":0}},"54":{"start":{"line":55,"column":0},"end":{"line":55,"column":3}},"55":{"start":{"line":56,"column":0},"end":{"line":56,"column":20}},"56":{"start":{"line":57,"column":0},"end":{"line":57,"column":24}},"57":{"start":{"line":58,"column":0},"end":{"line":58,"column":35}},"58":{"start":{"line":59,"column":0},"end":{"line":59,"column":40}},"59":{"start":{"line":60,"column":0},"end":{"line":60,"column":30}},"60":{"start":{"line":61,"column":0},"end":{"line":61,"column":35}},"61":{"start":{"line":62,"column":0},"end":{"line":62,"column":45}},"62":{"start":{"line":63,"column":0},"end":{"line":63,"column":94}},"63":{"start":{"line":64,"column":0},"end":{"line":64,"column":3}},"64":{"start":{"line":65,"column":0},"end":{"line":65,"column":42}},"65":{"start":{"line":66,"column":0},"end":{"line":66,"column":15}},"66":{"start":{"line":67,"column":0},"end":{"line":67,"column":20}},"67":{"start":{"line":68,"column":0},"end":{"line":68,"column":29}},"68":{"start":{"line":69,"column":0},"end":{"line":69,"column":3}},"69":{"start":{"line":70,"column":0},"end":{"line":70,"column":54}},"70":{"start":{"line":71,"column":0},"end":{"line":71,"column":47}},"71":{"start":{"line":72,"column":0},"end":{"line":72,"column":57}},"72":{"start":{"line":73,"column":0},"end":{"line":73,"column":0}},"73":{"start":{"line":74,"column":0},"end":{"line":74,"column":19}},"74":{"start":{"line":75,"column":0},"end":{"line":75,"column":41}},"75":{"start":{"line":76,"column":0},"end":{"line":76,"column":14}},"76":{"start":{"line":77,"column":0},"end":{"line":77,"column":0}},"77":{"start":{"line":78,"column":0},"end":{"line":78,"column":5}},"78":{"start":{"line":79,"column":0},"end":{"line":79,"column":24}},"79":{"start":{"line":80,"column":0},"end":{"line":80,"column":26}},"80":{"start":{"line":81,"column":0},"end":{"line":81,"column":20}},"81":{"start":{"line":82,"column":0},"end":{"line":82,"column":60}},"82":{"start":{"line":83,"column":0},"end":{"line":83,"column":5}},"83":{"start":{"line":84,"column":0},"end":{"line":84,"column":29}},"84":{"start":{"line":85,"column":0},"end":{"line":85,"column":41}},"85":{"start":{"line":86,"column":0},"end":{"line":86,"column":20}},"86":{"start":{"line":87,"column":0},"end":{"line":87,"column":3}},"87":{"start":{"line":88,"column":0},"end":{"line":88,"column":5}},"88":{"start":{"line":89,"column":0},"end":{"line":89,"column":31}},"89":{"start":{"line":90,"column":0},"end":{"line":90,"column":26}},"90":{"start":{"line":91,"column":0},"end":{"line":91,"column":20}},"91":{"start":{"line":92,"column":0},"end":{"line":92,"column":51}},"92":{"start":{"line":93,"column":0},"end":{"line":93,"column":5}},"93":{"start":{"line":94,"column":0},"end":{"line":94,"column":36}},"94":{"start":{"line":95,"column":0},"end":{"line":95,"column":18}},"95":{"start":{"line":96,"column":0},"end":{"line":96,"column":17}},"96":{"start":{"line":97,"column":0},"end":{"line":97,"column":38}},"97":{"start":{"line":98,"column":0},"end":{"line":98,"column":74}},"98":{"start":{"line":99,"column":0},"end":{"line":99,"column":37}},"99":{"start":{"line":100,"column":0},"end":{"line":100,"column":12}},"100":{"start":{"line":101,"column":0},"end":{"line":101,"column":24}},"101":{"start":{"line":102,"column":0},"end":{"line":102,"column":5}},"102":{"start":{"line":103,"column":0},"end":{"line":103,"column":3}},"103":{"start":{"line":104,"column":0},"end":{"line":104,"column":0}},"104":{"start":{"line":105,"column":0},"end":{"line":105,"column":25}},"105":{"start":{"line":106,"column":0},"end":{"line":106,"column":21}},"106":{"start":{"line":107,"column":0},"end":{"line":107,"column":25}},"107":{"start":{"line":108,"column":0},"end":{"line":108,"column":5}},"108":{"start":{"line":109,"column":0},"end":{"line":109,"column":14}},"109":{"start":{"line":110,"column":0},"end":{"line":110,"column":0}},"110":{"start":{"line":111,"column":0},"end":{"line":111,"column":5}},"111":{"start":{"line":112,"column":0},"end":{"line":112,"column":27}},"112":{"start":{"line":113,"column":0},"end":{"line":113,"column":26}},"113":{"start":{"line":114,"column":0},"end":{"line":114,"column":20}},"114":{"start":{"line":115,"column":0},"end":{"line":115,"column":56}},"115":{"start":{"line":116,"column":0},"end":{"line":116,"column":5}},"116":{"start":{"line":117,"column":0},"end":{"line":117,"column":28}},"117":{"start":{"line":118,"column":0},"end":{"line":118,"column":23}},"118":{"start":{"line":119,"column":0},"end":{"line":119,"column":20}},"119":{"start":{"line":120,"column":0},"end":{"line":120,"column":24}},"120":{"start":{"line":121,"column":0},"end":{"line":121,"column":30}},"121":{"start":{"line":122,"column":0},"end":{"line":122,"column":31}},"122":{"start":{"line":123,"column":0},"end":{"line":123,"column":7}},"123":{"start":{"line":124,"column":0},"end":{"line":124,"column":3}},"124":{"start":{"line":125,"column":0},"end":{"line":125,"column":0}},"125":{"start":{"line":126,"column":0},"end":{"line":126,"column":10}},"126":{"start":{"line":127,"column":0},"end":{"line":127,"column":16}},"127":{"start":{"line":128,"column":0},"end":{"line":128,"column":14}},"128":{"start":{"line":129,"column":0},"end":{"line":129,"column":19}},"129":{"start":{"line":130,"column":0},"end":{"line":130,"column":21}},"130":{"start":{"line":131,"column":0},"end":{"line":131,"column":21}},"131":{"start":{"line":132,"column":0},"end":{"line":132,"column":55}},"132":{"start":{"line":133,"column":0},"end":{"line":133,"column":62}},"133":{"start":{"line":134,"column":0},"end":{"line":134,"column":22}},"134":{"start":{"line":135,"column":0},"end":{"line":135,"column":22}},"135":{"start":{"line":136,"column":0},"end":{"line":136,"column":21}},"136":{"start":{"line":137,"column":0},"end":{"line":137,"column":48}},"137":{"start":{"line":138,"column":0},"end":{"line":138,"column":22}},"138":{"start":{"line":139,"column":0},"end":{"line":139,"column":23}},"139":{"start":{"line":140,"column":0},"end":{"line":140,"column":22}},"140":{"start":{"line":141,"column":0},"end":{"line":141,"column":40}},"141":{"start":{"line":142,"column":0},"end":{"line":142,"column":21}},"142":{"start":{"line":143,"column":0},"end":{"line":143,"column":20}},"143":{"start":{"line":144,"column":0},"end":{"line":144,"column":23}},"144":{"start":{"line":145,"column":0},"end":{"line":145,"column":28}},"145":{"start":{"line":146,"column":0},"end":{"line":146,"column":38}},"146":{"start":{"line":147,"column":0},"end":{"line":147,"column":29}},"147":{"start":{"line":148,"column":0},"end":{"line":148,"column":39}},"148":{"start":{"line":149,"column":0},"end":{"line":149,"column":42}},"149":{"start":{"line":150,"column":0},"end":{"line":150,"column":17}},"150":{"start":{"line":151,"column":0},"end":{"line":151,"column":15}},"151":{"start":{"line":152,"column":0},"end":{"line":152,"column":63}},"152":{"start":{"line":153,"column":0},"end":{"line":153,"column":31}},"153":{"start":{"line":154,"column":0},"end":{"line":154,"column":23}},"154":{"start":{"line":155,"column":0},"end":{"line":155,"column":22}},"155":{"start":{"line":156,"column":0},"end":{"line":156,"column":25}},"156":{"start":{"line":157,"column":0},"end":{"line":157,"column":35}},"157":{"start":{"line":158,"column":0},"end":{"line":158,"column":23}},"158":{"start":{"line":159,"column":0},"end":{"line":159,"column":28}},"159":{"start":{"line":160,"column":0},"end":{"line":160,"column":44}},"160":{"start":{"line":161,"column":0},"end":{"line":161,"column":29}},"161":{"start":{"line":162,"column":0},"end":{"line":162,"column":45}},"162":{"start":{"line":163,"column":0},"end":{"line":163,"column":45}},"163":{"start":{"line":164,"column":0},"end":{"line":164,"column":17}},"164":{"start":{"line":165,"column":0},"end":{"line":165,"column":28}},"165":{"start":{"line":166,"column":0},"end":{"line":166,"column":34}},"166":{"start":{"line":167,"column":0},"end":{"line":167,"column":32}},"167":{"start":{"line":168,"column":0},"end":{"line":168,"column":29}},"168":{"start":{"line":169,"column":0},"end":{"line":169,"column":36}},"169":{"start":{"line":170,"column":0},"end":{"line":170,"column":48}},"170":{"start":{"line":171,"column":0},"end":{"line":171,"column":16}},"171":{"start":{"line":172,"column":0},"end":{"line":172,"column":80}},"172":{"start":{"line":173,"column":0},"end":{"line":173,"column":57}},"173":{"start":{"line":174,"column":0},"end":{"line":174,"column":24}},"174":{"start":{"line":175,"column":0},"end":{"line":175,"column":31}},"175":{"start":{"line":176,"column":0},"end":{"line":176,"column":22}},"176":{"start":{"line":177,"column":0},"end":{"line":177,"column":17}},"177":{"start":{"line":178,"column":0},"end":{"line":178,"column":19}},"178":{"start":{"line":179,"column":0},"end":{"line":179,"column":45}},"179":{"start":{"line":180,"column":0},"end":{"line":180,"column":20}},"180":{"start":{"line":181,"column":0},"end":{"line":181,"column":23}},"181":{"start":{"line":182,"column":0},"end":{"line":182,"column":492}},"182":{"start":{"line":183,"column":0},"end":{"line":183,"column":29}},"183":{"start":{"line":184,"column":0},"end":{"line":184,"column":11}},"184":{"start":{"line":185,"column":0},"end":{"line":185,"column":61}},"185":{"start":{"line":186,"column":0},"end":{"line":186,"column":31}},"186":{"start":{"line":187,"column":0},"end":{"line":187,"column":25}},"187":{"start":{"line":188,"column":0},"end":{"line":188,"column":58}},"188":{"start":{"line":189,"column":0},"end":{"line":189,"column":28}},"189":{"start":{"line":190,"column":0},"end":{"line":190,"column":25}},"190":{"start":{"line":191,"column":0},"end":{"line":191,"column":64}},"191":{"start":{"line":192,"column":0},"end":{"line":192,"column":11}},"192":{"start":{"line":193,"column":0},"end":{"line":193,"column":35}},"193":{"start":{"line":194,"column":0},"end":{"line":194,"column":52}},"194":{"start":{"line":195,"column":0},"end":{"line":195,"column":36}},"195":{"start":{"line":196,"column":0},"end":{"line":196,"column":35}},"196":{"start":{"line":197,"column":0},"end":{"line":197,"column":26}},"197":{"start":{"line":198,"column":0},"end":{"line":198,"column":79}},"198":{"start":{"line":199,"column":0},"end":{"line":199,"column":30}},"199":{"start":{"line":200,"column":0},"end":{"line":200,"column":39}},"200":{"start":{"line":201,"column":0},"end":{"line":201,"column":39}},"201":{"start":{"line":202,"column":0},"end":{"line":202,"column":66}},"202":{"start":{"line":203,"column":0},"end":{"line":203,"column":33}},"203":{"start":{"line":204,"column":0},"end":{"line":204,"column":66}},"204":{"start":{"line":205,"column":0},"end":{"line":205,"column":34}},"205":{"start":{"line":206,"column":0},"end":{"line":206,"column":30}},"206":{"start":{"line":207,"column":0},"end":{"line":207,"column":27}},"207":{"start":{"line":208,"column":0},"end":{"line":208,"column":27}},"208":{"start":{"line":209,"column":0},"end":{"line":209,"column":36}},"209":{"start":{"line":210,"column":0},"end":{"line":210,"column":30}},"210":{"start":{"line":211,"column":0},"end":{"line":211,"column":43}},"211":{"start":{"line":212,"column":0},"end":{"line":212,"column":21}},"212":{"start":{"line":213,"column":0},"end":{"line":213,"column":20}},"213":{"start":{"line":214,"column":0},"end":{"line":214,"column":46}},"214":{"start":{"line":215,"column":0},"end":{"line":215,"column":21}},"215":{"start":{"line":216,"column":0},"end":{"line":216,"column":22}},"216":{"start":{"line":217,"column":0},"end":{"line":217,"column":20}},"217":{"start":{"line":218,"column":0},"end":{"line":218,"column":15}},"218":{"start":{"line":219,"column":0},"end":{"line":219,"column":17}},"219":{"start":{"line":220,"column":0},"end":{"line":220,"column":33}},"220":{"start":{"line":221,"column":0},"end":{"line":221,"column":18}},"221":{"start":{"line":222,"column":0},"end":{"line":222,"column":17}},"222":{"start":{"line":223,"column":0},"end":{"line":223,"column":4}},"223":{"start":{"line":224,"column":0},"end":{"line":224,"column":1}}},"s":{"0":1,"1":1,"2":1,"3":1,"4":1,"5":1,"6":1,"7":1,"8":1,"9":1,"10":1,"11":1,"12":1,"13":1,"14":1,"15":1,"16":1,"17":1,"18":1,"19":1,"20":1,"21":1,"22":1,"23":1,"24":1,"25":1,"26":1,"27":1,"28":1,"29":1,"30":1,"31":1,"32":1,"33":1,"34":1,"35":1,"36":1,"37":1,"38":1,"39":1,"40":1,"41":1,"42":1,"43":1,"44":1,"45":1,"46":1,"47":1,"48":1,"49":1,"50":1,"51":1,"52":1,"53":1,"54":1,"55":1,"56":1,"57":1,"58":1,"59":1,"60":1,"61":1,"62":1,"63":1,"64":3,"65":3,"66":3,"67":0,"68":0,"69":3,"70":3,"71":3,"72":3,"73":3,"74":2,"75":3,"76":3,"77":3,"78":3,"79":3,"80":3,"81":3,"82":3,"83":3,"84":0,"85":0,"86":0,"87":3,"88":3,"89":3,"90":3,"91":3,"92":3,"93":3,"94":1,"95":1,"96":1,"97":1,"98":0,"99":0,"100":0,"101":0,"102":1,"103":3,"104":3,"105":2,"106":0,"107":0,"108":3,"109":3,"110":3,"111":3,"112":3,"113":3,"114":3,"115":3,"116":3,"117":1,"118":1,"119":0,"120":0,"121":0,"122":0,"123":1,"124":3,"125":3,"126":3,"127":3,"128":3,"129":3,"130":3,"131":3,"132":3,"133":3,"134":3,"135":3,"136":3,"137":3,"138":3,"139":3,"140":3,"141":3,"142":3,"143":3,"144":3,"145":1,"146":2,"147":0,"148":2,"149":3,"150":3,"151":3,"152":3,"153":3,"154":3,"155":3,"156":3,"157":3,"158":3,"159":1,"160":2,"161":0,"162":2,"163":3,"164":3,"165":3,"166":3,"167":3,"168":3,"169":3,"170":3,"171":3,"172":3,"173":3,"174":3,"175":3,"176":3,"177":3,"178":3,"179":3,"180":3,"181":3,"182":3,"183":3,"184":3,"185":3,"186":3,"187":3,"188":3,"189":3,"190":3,"191":3,"192":3,"193":3,"194":3,"195":3,"196":3,"197":3,"198":3,"199":3,"200":3,"201":3,"202":3,"203":3,"204":3,"205":3,"206":3,"207":3,"208":3,"209":3,"210":3,"211":3,"212":3,"213":3,"214":3,"215":3,"216":3,"217":3,"218":3,"219":3,"220":3,"221":3,"222":3,"223":3},"branchMap":{"0":{"type":"branch","line":65,"loc":{"start":{"line":65,"column":0},"end":{"line":224,"column":1}},"locations":[{"start":{"line":65,"column":0},"end":{"line":224,"column":1}}]},"1":{"type":"branch","line":67,"loc":{"start":{"line":67,"column":19},"end":{"line":69,"column":3}},"locations":[{"start":{"line":67,"column":19},"end":{"line":69,"column":3}}]},"2":{"type":"branch","line":145,"loc":{"start":{"line":145,"column":18},"end":{"line":146,"column":38}},"locations":[{"start":{"line":145,"column":18},"end":{"line":146,"column":38}}]},"3":{"type":"branch","line":146,"loc":{"start":{"line":146,"column":37},"end":{"line":149,"column":42}},"locations":[{"start":{"line":146,"column":37},"end":{"line":149,"column":42}}]},"4":{"type":"branch","line":147,"loc":{"start":{"line":147,"column":22},"end":{"line":148,"column":39}},"locations":[{"start":{"line":147,"column":22},"end":{"line":148,"column":39}}]},"5":{"type":"branch","line":159,"loc":{"start":{"line":159,"column":18},"end":{"line":160,"column":44}},"locations":[{"start":{"line":159,"column":18},"end":{"line":160,"column":44}}]},"6":{"type":"branch","line":160,"loc":{"start":{"line":160,"column":43},"end":{"line":163,"column":45}},"locations":[{"start":{"line":160,"column":43},"end":{"line":163,"column":45}}]},"7":{"type":"branch","line":161,"loc":{"start":{"line":161,"column":22},"end":{"line":162,"column":45}},"locations":[{"start":{"line":161,"column":22},"end":{"line":162,"column":45}}]},"8":{"type":"branch","line":172,"loc":{"start":{"line":172,"column":15},"end":{"line":172,"column":80}},"locations":[{"start":{"line":172,"column":15},"end":{"line":172,"column":80}}]},"9":{"type":"branch","line":74,"loc":{"start":{"line":74,"column":12},"end":{"line":76,"column":5}},"locations":[{"start":{"line":74,"column":12},"end":{"line":76,"column":5}}]},"10":{"type":"branch","line":94,"loc":{"start":{"line":94,"column":2},"end":{"line":103,"column":3}},"locations":[{"start":{"line":94,"column":2},"end":{"line":103,"column":3}}]},"11":{"type":"branch","line":98,"loc":{"start":{"line":98,"column":4},"end":{"line":102,"column":5}},"locations":[{"start":{"line":98,"column":4},"end":{"line":102,"column":5}}]},"12":{"type":"branch","line":105,"loc":{"start":{"line":105,"column":18},"end":{"line":109,"column":5}},"locations":[{"start":{"line":105,"column":18},"end":{"line":109,"column":5}}]},"13":{"type":"branch","line":106,"loc":{"start":{"line":106,"column":20},"end":{"line":108,"column":5}},"locations":[{"start":{"line":106,"column":20},"end":{"line":108,"column":5}}]},"14":{"type":"branch","line":117,"loc":{"start":{"line":117,"column":2},"end":{"line":124,"column":3}},"locations":[{"start":{"line":117,"column":2},"end":{"line":124,"column":3}}]},"15":{"type":"branch","line":119,"loc":{"start":{"line":119,"column":15},"end":{"line":123,"column":7}},"locations":[{"start":{"line":119,"column":15},"end":{"line":123,"column":7}}]}},"b":{"0":[3],"1":[0],"2":[1],"3":[2],"4":[0],"5":[1],"6":[2],"7":[0],"8":[1],"9":[2],"10":[1],"11":[0],"12":[2],"13":[0],"14":[1],"15":[0]},"fnMap":{"0":{"name":"SignUpOne","decl":{"start":{"line":65,"column":0},"end":{"line":224,"column":1}},"loc":{"start":{"line":65,"column":0},"end":{"line":224,"column":1}},"line":65},"1":{"name":"saveEmail","decl":{"start":{"line":84,"column":2},"end":{"line":87,"column":3}},"loc":{"start":{"line":84,"column":2},"end":{"line":87,"column":3}},"line":84},"2":{"name":"handleValidation","decl":{"start":{"line":94,"column":2},"end":{"line":103,"column":3}},"loc":{"start":{"line":94,"column":2},"end":{"line":103,"column":3}},"line":94},"3":{"name":"handleSubmit","decl":{"start":{"line":117,"column":2},"end":{"line":124,"column":3}},"loc":{"start":{"line":117,"column":2},"end":{"line":124,"column":3}},"line":117},"4":{"name":"onFocus","decl":{"start":{"line":170,"column":25},"end":{"line":170,"column":48}},"loc":{"start":{"line":170,"column":25},"end":{"line":170,"column":48}},"line":170}},"f":{"0":3,"1":0,"2":1,"3":1,"4":0}}
,"C:\\Users\\moham\\tessera-frontend\\src\\components\\SignupTwo.jsx": {"path":"C:\\Users\\moham\\tessera-frontend\\src\\components\\SignupTwo.jsx","all":false,"statementMap":{"0":{"start":{"line":1,"column":0},"end":{"line":1,"column":3}},"1":{"start":{"line":2,"column":0},"end":{"line":2,"column":22}},"2":{"start":{"line":3,"column":0},"end":{"line":3,"column":22}},"3":{"start":{"line":4,"column":0},"end":{"line":4,"column":27}},"4":{"start":{"line":5,"column":0},"end":{"line":5,"column":18}},"5":{"start":{"line":6,"column":0},"end":{"line":6,"column":29}},"6":{"start":{"line":7,"column":0},"end":{"line":7,"column":39}},"7":{"start":{"line":8,"column":0},"end":{"line":8,"column":21}},"8":{"start":{"line":9,"column":0},"end":{"line":9,"column":72}},"9":{"start":{"line":10,"column":0},"end":{"line":10,"column":3}},"10":{"start":{"line":11,"column":0},"end":{"line":11,"column":0}},"11":{"start":{"line":12,"column":0},"end":{"line":12,"column":58}},"12":{"start":{"line":13,"column":0},"end":{"line":13,"column":60}},"13":{"start":{"line":14,"column":0},"end":{"line":14,"column":56}},"14":{"start":{"line":15,"column":0},"end":{"line":15,"column":53}},"15":{"start":{"line":16,"column":0},"end":{"line":16,"column":62}},"16":{"start":{"line":17,"column":0},"end":{"line":17,"column":61}},"17":{"start":{"line":18,"column":0},"end":{"line":18,"column":64}},"18":{"start":{"line":19,"column":0},"end":{"line":19,"column":62}},"19":{"start":{"line":20,"column":0},"end":{"line":20,"column":62}},"20":{"start":{"line":21,"column":0},"end":{"line":21,"column":67}},"21":{"start":{"line":22,"column":0},"end":{"line":22,"column":62}},"22":{"start":{"line":23,"column":0},"end":{"line":23,"column":63}},"23":{"start":{"line":24,"column":0},"end":{"line":24,"column":64}},"24":{"start":{"line":25,"column":0},"end":{"line":25,"column":63}},"25":{"start":{"line":26,"column":0},"end":{"line":26,"column":60}},"26":{"start":{"line":27,"column":0},"end":{"line":27,"column":73}},"27":{"start":{"line":28,"column":0},"end":{"line":28,"column":51}},"28":{"start":{"line":29,"column":0},"end":{"line":29,"column":53}},"29":{"start":{"line":30,"column":0},"end":{"line":30,"column":59}},"30":{"start":{"line":31,"column":0},"end":{"line":31,"column":52}},"31":{"start":{"line":32,"column":0},"end":{"line":32,"column":63}},"32":{"start":{"line":33,"column":0},"end":{"line":33,"column":60}},"33":{"start":{"line":34,"column":0},"end":{"line":34,"column":58}},"34":{"start":{"line":35,"column":0},"end":{"line":35,"column":54}},"35":{"start":{"line":36,"column":0},"end":{"line":36,"column":38}},"36":{"start":{"line":37,"column":0},"end":{"line":37,"column":51}},"37":{"start":{"line":38,"column":0},"end":{"line":38,"column":40}},"38":{"start":{"line":39,"column":0},"end":{"line":39,"column":52}},"39":{"start":{"line":40,"column":0},"end":{"line":40,"column":62}},"40":{"start":{"line":41,"column":0},"end":{"line":41,"column":59}},"41":{"start":{"line":42,"column":0},"end":{"line":42,"column":63}},"42":{"start":{"line":43,"column":0},"end":{"line":43,"column":53}},"43":{"start":{"line":44,"column":0},"end":{"line":44,"column":0}},"44":{"start":{"line":45,"column":0},"end":{"line":45,"column":48}},"45":{"start":{"line":46,"column":0},"end":{"line":46,"column":60}},"46":{"start":{"line":47,"column":0},"end":{"line":47,"column":0}},"47":{"start":{"line":48,"column":0},"end":{"line":48,"column":62}},"48":{"start":{"line":49,"column":0},"end":{"line":49,"column":60}},"49":{"start":{"line":50,"column":0},"end":{"line":50,"column":0}},"50":{"start":{"line":51,"column":0},"end":{"line":51,"column":3}},"51":{"start":{"line":52,"column":0},"end":{"line":52,"column":77}},"52":{"start":{"line":53,"column":0},"end":{"line":53,"column":2}},"53":{"start":{"line":54,"column":0},"end":{"line":54,"column":82}},"54":{"start":{"line":55,"column":0},"end":{"line":55,"column":102}},"55":{"start":{"line":56,"column":0},"end":{"line":56,"column":93}},"56":{"start":{"line":57,"column":0},"end":{"line":57,"column":66}},"57":{"start":{"line":58,"column":0},"end":{"line":58,"column":3}},"58":{"start":{"line":59,"column":0},"end":{"line":59,"column":0}},"59":{"start":{"line":60,"column":0},"end":{"line":60,"column":42}},"60":{"start":{"line":61,"column":0},"end":{"line":61,"column":5}},"61":{"start":{"line":62,"column":0},"end":{"line":62,"column":47}},"62":{"start":{"line":63,"column":0},"end":{"line":63,"column":20}},"63":{"start":{"line":64,"column":0},"end":{"line":64,"column":5}},"64":{"start":{"line":65,"column":0},"end":{"line":65,"column":0}},"65":{"start":{"line":66,"column":0},"end":{"line":66,"column":15}},"66":{"start":{"line":67,"column":0},"end":{"line":67,"column":20}},"67":{"start":{"line":68,"column":0},"end":{"line":68,"column":29}},"68":{"start":{"line":69,"column":0},"end":{"line":69,"column":3}},"69":{"start":{"line":70,"column":0},"end":{"line":70,"column":0}},"70":{"start":{"line":71,"column":0},"end":{"line":71,"column":5}},"71":{"start":{"line":72,"column":0},"end":{"line":72,"column":68}},"72":{"start":{"line":73,"column":0},"end":{"line":73,"column":4}},"73":{"start":{"line":74,"column":0},"end":{"line":74,"column":5}},"74":{"start":{"line":75,"column":0},"end":{"line":75,"column":0}},"75":{"start":{"line":76,"column":0},"end":{"line":76,"column":48}},"76":{"start":{"line":77,"column":0},"end":{"line":77,"column":17}},"77":{"start":{"line":78,"column":0},"end":{"line":78,"column":5}},"78":{"start":{"line":79,"column":0},"end":{"line":79,"column":69}},"79":{"start":{"line":80,"column":0},"end":{"line":80,"column":0}},"80":{"start":{"line":81,"column":0},"end":{"line":81,"column":77}},"81":{"start":{"line":82,"column":0},"end":{"line":82,"column":0}},"82":{"start":{"line":83,"column":0},"end":{"line":83,"column":45}},"83":{"start":{"line":84,"column":0},"end":{"line":84,"column":49}},"84":{"start":{"line":85,"column":0},"end":{"line":85,"column":4}},"85":{"start":{"line":86,"column":0},"end":{"line":86,"column":0}},"86":{"start":{"line":87,"column":0},"end":{"line":87,"column":50}},"87":{"start":{"line":88,"column":0},"end":{"line":88,"column":0}},"88":{"start":{"line":89,"column":0},"end":{"line":89,"column":5}},"89":{"start":{"line":90,"column":0},"end":{"line":90,"column":72}},"90":{"start":{"line":91,"column":0},"end":{"line":91,"column":5}},"91":{"start":{"line":92,"column":0},"end":{"line":92,"column":0}},"92":{"start":{"line":93,"column":0},"end":{"line":93,"column":19}},"93":{"start":{"line":94,"column":0},"end":{"line":94,"column":59}},"94":{"start":{"line":95,"column":0},"end":{"line":95,"column":14}},"95":{"start":{"line":96,"column":0},"end":{"line":96,"column":0}},"96":{"start":{"line":97,"column":0},"end":{"line":97,"column":5}},"97":{"start":{"line":98,"column":0},"end":{"line":98,"column":55}},"98":{"start":{"line":99,"column":0},"end":{"line":99,"column":4}},"99":{"start":{"line":100,"column":0},"end":{"line":100,"column":42}},"100":{"start":{"line":101,"column":0},"end":{"line":101,"column":5}},"101":{"start":{"line":102,"column":0},"end":{"line":102,"column":0}},"102":{"start":{"line":103,"column":0},"end":{"line":103,"column":25}},"103":{"start":{"line":104,"column":0},"end":{"line":104,"column":34}},"104":{"start":{"line":105,"column":0},"end":{"line":105,"column":36}},"105":{"start":{"line":106,"column":0},"end":{"line":106,"column":15}},"106":{"start":{"line":107,"column":0},"end":{"line":107,"column":18}},"107":{"start":{"line":108,"column":0},"end":{"line":108,"column":31}},"108":{"start":{"line":109,"column":0},"end":{"line":109,"column":7}},"109":{"start":{"line":110,"column":0},"end":{"line":110,"column":19}},"110":{"start":{"line":111,"column":0},"end":{"line":111,"column":0}},"111":{"start":{"line":112,"column":0},"end":{"line":112,"column":32}},"112":{"start":{"line":113,"column":0},"end":{"line":113,"column":36}},"113":{"start":{"line":114,"column":0},"end":{"line":114,"column":5}},"114":{"start":{"line":115,"column":0},"end":{"line":115,"column":30}},"115":{"start":{"line":116,"column":0},"end":{"line":116,"column":62}},"116":{"start":{"line":117,"column":0},"end":{"line":117,"column":13}},"117":{"start":{"line":118,"column":0},"end":{"line":118,"column":12}},"118":{"start":{"line":119,"column":0},"end":{"line":119,"column":26}},"119":{"start":{"line":120,"column":0},"end":{"line":120,"column":5}},"120":{"start":{"line":121,"column":0},"end":{"line":121,"column":70}},"121":{"start":{"line":122,"column":0},"end":{"line":122,"column":4}},"122":{"start":{"line":123,"column":0},"end":{"line":123,"column":62}},"123":{"start":{"line":124,"column":0},"end":{"line":124,"column":0}},"124":{"start":{"line":125,"column":0},"end":{"line":125,"column":5}},"125":{"start":{"line":126,"column":0},"end":{"line":126,"column":43}},"126":{"start":{"line":127,"column":0},"end":{"line":127,"column":4}},"127":{"start":{"line":128,"column":0},"end":{"line":128,"column":81}},"128":{"start":{"line":129,"column":0},"end":{"line":129,"column":5}},"129":{"start":{"line":130,"column":0},"end":{"line":130,"column":0}},"130":{"start":{"line":131,"column":0},"end":{"line":131,"column":43}},"131":{"start":{"line":132,"column":0},"end":{"line":132,"column":34}},"132":{"start":{"line":133,"column":0},"end":{"line":133,"column":4}},"133":{"start":{"line":134,"column":0},"end":{"line":134,"column":0}},"134":{"start":{"line":135,"column":0},"end":{"line":135,"column":50}},"135":{"start":{"line":136,"column":0},"end":{"line":136,"column":18}},"136":{"start":{"line":137,"column":0},"end":{"line":137,"column":17}},"137":{"start":{"line":138,"column":0},"end":{"line":138,"column":21}},"138":{"start":{"line":139,"column":0},"end":{"line":139,"column":5}},"139":{"start":{"line":140,"column":0},"end":{"line":140,"column":46}},"140":{"start":{"line":141,"column":0},"end":{"line":141,"column":67}},"141":{"start":{"line":142,"column":0},"end":{"line":142,"column":65}},"142":{"start":{"line":143,"column":0},"end":{"line":143,"column":67}},"143":{"start":{"line":144,"column":0},"end":{"line":144,"column":73}},"144":{"start":{"line":145,"column":0},"end":{"line":145,"column":58}},"145":{"start":{"line":146,"column":0},"end":{"line":146,"column":60}},"146":{"start":{"line":147,"column":0},"end":{"line":147,"column":48}},"147":{"start":{"line":148,"column":0},"end":{"line":148,"column":21}},"148":{"start":{"line":149,"column":0},"end":{"line":149,"column":20}},"149":{"start":{"line":150,"column":0},"end":{"line":150,"column":24}},"150":{"start":{"line":151,"column":0},"end":{"line":151,"column":20}},"151":{"start":{"line":152,"column":0},"end":{"line":152,"column":5}},"152":{"start":{"line":153,"column":0},"end":{"line":153,"column":0}},"153":{"start":{"line":154,"column":0},"end":{"line":154,"column":52}},"154":{"start":{"line":155,"column":0},"end":{"line":155,"column":0}},"155":{"start":{"line":156,"column":0},"end":{"line":156,"column":5}},"156":{"start":{"line":157,"column":0},"end":{"line":157,"column":43}},"157":{"start":{"line":158,"column":0},"end":{"line":158,"column":5}},"158":{"start":{"line":159,"column":0},"end":{"line":159,"column":31}},"159":{"start":{"line":160,"column":0},"end":{"line":160,"column":30}},"160":{"start":{"line":161,"column":0},"end":{"line":161,"column":50}},"161":{"start":{"line":162,"column":0},"end":{"line":162,"column":26}},"162":{"start":{"line":163,"column":0},"end":{"line":163,"column":5}},"163":{"start":{"line":164,"column":0},"end":{"line":164,"column":0}},"164":{"start":{"line":165,"column":0},"end":{"line":165,"column":29}},"165":{"start":{"line":166,"column":0},"end":{"line":166,"column":48}},"166":{"start":{"line":167,"column":0},"end":{"line":167,"column":26}},"167":{"start":{"line":168,"column":0},"end":{"line":168,"column":5}},"168":{"start":{"line":169,"column":0},"end":{"line":169,"column":0}},"169":{"start":{"line":170,"column":0},"end":{"line":170,"column":39}},"170":{"start":{"line":171,"column":0},"end":{"line":171,"column":71}},"171":{"start":{"line":172,"column":0},"end":{"line":172,"column":25}},"172":{"start":{"line":173,"column":0},"end":{"line":173,"column":26}},"173":{"start":{"line":174,"column":0},"end":{"line":174,"column":5}},"174":{"start":{"line":175,"column":0},"end":{"line":175,"column":0}},"175":{"start":{"line":176,"column":0},"end":{"line":176,"column":29}},"176":{"start":{"line":177,"column":0},"end":{"line":177,"column":42}},"177":{"start":{"line":178,"column":0},"end":{"line":178,"column":25}},"178":{"start":{"line":179,"column":0},"end":{"line":179,"column":26}},"179":{"start":{"line":180,"column":0},"end":{"line":180,"column":5}},"180":{"start":{"line":181,"column":0},"end":{"line":181,"column":0}},"181":{"start":{"line":182,"column":0},"end":{"line":182,"column":42}},"182":{"start":{"line":183,"column":0},"end":{"line":183,"column":76}},"183":{"start":{"line":184,"column":0},"end":{"line":184,"column":26}},"184":{"start":{"line":185,"column":0},"end":{"line":185,"column":5}},"185":{"start":{"line":186,"column":0},"end":{"line":186,"column":0}},"186":{"start":{"line":187,"column":0},"end":{"line":187,"column":46}},"187":{"start":{"line":188,"column":0},"end":{"line":188,"column":58}},"188":{"start":{"line":189,"column":0},"end":{"line":189,"column":25}},"189":{"start":{"line":190,"column":0},"end":{"line":190,"column":26}},"190":{"start":{"line":191,"column":0},"end":{"line":191,"column":5}},"191":{"start":{"line":192,"column":0},"end":{"line":192,"column":3}},"192":{"start":{"line":193,"column":0},"end":{"line":193,"column":0}},"193":{"start":{"line":194,"column":0},"end":{"line":194,"column":32}},"194":{"start":{"line":195,"column":0},"end":{"line":195,"column":41}},"195":{"start":{"line":196,"column":0},"end":{"line":196,"column":33}},"196":{"start":{"line":197,"column":0},"end":{"line":197,"column":51}},"197":{"start":{"line":198,"column":0},"end":{"line":198,"column":32}},"198":{"start":{"line":199,"column":0},"end":{"line":199,"column":7}},"199":{"start":{"line":200,"column":0},"end":{"line":200,"column":50}},"200":{"start":{"line":201,"column":0},"end":{"line":201,"column":57}},"201":{"start":{"line":202,"column":0},"end":{"line":202,"column":7}},"202":{"start":{"line":203,"column":0},"end":{"line":203,"column":49}},"203":{"start":{"line":204,"column":0},"end":{"line":204,"column":31}},"204":{"start":{"line":205,"column":0},"end":{"line":205,"column":7}},"205":{"start":{"line":206,"column":0},"end":{"line":206,"column":49}},"206":{"start":{"line":207,"column":0},"end":{"line":207,"column":55}},"207":{"start":{"line":208,"column":0},"end":{"line":208,"column":7}},"208":{"start":{"line":209,"column":0},"end":{"line":209,"column":53}},"209":{"start":{"line":210,"column":0},"end":{"line":210,"column":35}},"210":{"start":{"line":211,"column":0},"end":{"line":211,"column":7}},"211":{"start":{"line":212,"column":0},"end":{"line":212,"column":0}},"212":{"start":{"line":213,"column":0},"end":{"line":213,"column":14}},"213":{"start":{"line":214,"column":0},"end":{"line":214,"column":24}},"214":{"start":{"line":215,"column":0},"end":{"line":215,"column":80}},"215":{"start":{"line":216,"column":0},"end":{"line":216,"column":8}},"216":{"start":{"line":217,"column":0},"end":{"line":217,"column":7}},"217":{"start":{"line":218,"column":0},"end":{"line":218,"column":3}},"218":{"start":{"line":219,"column":0},"end":{"line":219,"column":0}},"219":{"start":{"line":220,"column":0},"end":{"line":220,"column":22}},"220":{"start":{"line":221,"column":0},"end":{"line":221,"column":23}},"221":{"start":{"line":222,"column":0},"end":{"line":222,"column":36}},"222":{"start":{"line":223,"column":0},"end":{"line":223,"column":3}},"223":{"start":{"line":224,"column":0},"end":{"line":224,"column":0}},"224":{"start":{"line":225,"column":0},"end":{"line":225,"column":31}},"225":{"start":{"line":226,"column":0},"end":{"line":226,"column":34}},"226":{"start":{"line":227,"column":0},"end":{"line":227,"column":29}},"227":{"start":{"line":228,"column":0},"end":{"line":228,"column":14}},"228":{"start":{"line":229,"column":0},"end":{"line":229,"column":21}},"229":{"start":{"line":230,"column":0},"end":{"line":230,"column":8}},"230":{"start":{"line":231,"column":0},"end":{"line":231,"column":7}},"231":{"start":{"line":232,"column":0},"end":{"line":232,"column":3}},"232":{"start":{"line":233,"column":0},"end":{"line":233,"column":0}},"233":{"start":{"line":234,"column":0},"end":{"line":234,"column":35}},"234":{"start":{"line":235,"column":0},"end":{"line":235,"column":27}},"235":{"start":{"line":236,"column":0},"end":{"line":236,"column":38}},"236":{"start":{"line":237,"column":0},"end":{"line":237,"column":30}},"237":{"start":{"line":238,"column":0},"end":{"line":238,"column":13}},"238":{"start":{"line":239,"column":0},"end":{"line":239,"column":5}},"239":{"start":{"line":240,"column":0},"end":{"line":240,"column":32}},"240":{"start":{"line":241,"column":0},"end":{"line":241,"column":4}},"241":{"start":{"line":242,"column":0},"end":{"line":242,"column":0}},"242":{"start":{"line":243,"column":0},"end":{"line":243,"column":32}},"243":{"start":{"line":244,"column":0},"end":{"line":244,"column":27}},"244":{"start":{"line":245,"column":0},"end":{"line":245,"column":0}},"245":{"start":{"line":246,"column":0},"end":{"line":246,"column":23}},"246":{"start":{"line":247,"column":0},"end":{"line":247,"column":8}},"247":{"start":{"line":248,"column":0},"end":{"line":248,"column":20}},"248":{"start":{"line":249,"column":0},"end":{"line":249,"column":29}},"249":{"start":{"line":250,"column":0},"end":{"line":250,"column":29}},"250":{"start":{"line":251,"column":0},"end":{"line":251,"column":33}},"251":{"start":{"line":252,"column":0},"end":{"line":252,"column":39}},"252":{"start":{"line":253,"column":0},"end":{"line":253,"column":42}},"253":{"start":{"line":254,"column":0},"end":{"line":254,"column":44}},"254":{"start":{"line":255,"column":0},"end":{"line":255,"column":7}},"255":{"start":{"line":256,"column":0},"end":{"line":256,"column":26}},"256":{"start":{"line":257,"column":0},"end":{"line":257,"column":29}},"257":{"start":{"line":258,"column":0},"end":{"line":258,"column":0}},"258":{"start":{"line":259,"column":0},"end":{"line":259,"column":13}},"259":{"start":{"line":260,"column":0},"end":{"line":260,"column":5}},"260":{"start":{"line":261,"column":0},"end":{"line":261,"column":23}},"261":{"start":{"line":262,"column":0},"end":{"line":262,"column":3}},"262":{"start":{"line":263,"column":0},"end":{"line":263,"column":18}},"263":{"start":{"line":264,"column":0},"end":{"line":264,"column":37}},"264":{"start":{"line":265,"column":0},"end":{"line":265,"column":4}},"265":{"start":{"line":266,"column":0},"end":{"line":266,"column":0}},"266":{"start":{"line":267,"column":0},"end":{"line":267,"column":25}},"267":{"start":{"line":268,"column":0},"end":{"line":268,"column":76}},"268":{"start":{"line":269,"column":0},"end":{"line":269,"column":26}},"269":{"start":{"line":270,"column":0},"end":{"line":270,"column":15}},"270":{"start":{"line":271,"column":0},"end":{"line":271,"column":27}},"271":{"start":{"line":272,"column":0},"end":{"line":272,"column":26}},"272":{"start":{"line":273,"column":0},"end":{"line":273,"column":30}},"273":{"start":{"line":274,"column":0},"end":{"line":274,"column":23}},"274":{"start":{"line":275,"column":0},"end":{"line":275,"column":7}},"275":{"start":{"line":276,"column":0},"end":{"line":276,"column":27}},"276":{"start":{"line":277,"column":0},"end":{"line":277,"column":15}},"277":{"start":{"line":278,"column":0},"end":{"line":278,"column":19}},"278":{"start":{"line":279,"column":0},"end":{"line":279,"column":24}},"279":{"start":{"line":280,"column":0},"end":{"line":280,"column":23}},"280":{"start":{"line":281,"column":0},"end":{"line":281,"column":24}},"281":{"start":{"line":282,"column":0},"end":{"line":282,"column":7}},"282":{"start":{"line":283,"column":0},"end":{"line":283,"column":27}},"283":{"start":{"line":284,"column":0},"end":{"line":284,"column":5}},"284":{"start":{"line":285,"column":0},"end":{"line":285,"column":6}},"285":{"start":{"line":286,"column":0},"end":{"line":286,"column":14}},"286":{"start":{"line":287,"column":0},"end":{"line":287,"column":19}},"287":{"start":{"line":288,"column":0},"end":{"line":288,"column":18}},"288":{"start":{"line":289,"column":0},"end":{"line":289,"column":22}},"289":{"start":{"line":290,"column":0},"end":{"line":290,"column":23}},"290":{"start":{"line":291,"column":0},"end":{"line":291,"column":22}},"291":{"start":{"line":292,"column":0},"end":{"line":292,"column":26}},"292":{"start":{"line":293,"column":0},"end":{"line":293,"column":22}},"293":{"start":{"line":294,"column":0},"end":{"line":294,"column":5}},"294":{"start":{"line":295,"column":0},"end":{"line":295,"column":0}},"295":{"start":{"line":296,"column":0},"end":{"line":296,"column":25}},"296":{"start":{"line":297,"column":0},"end":{"line":297,"column":76}},"297":{"start":{"line":298,"column":0},"end":{"line":298,"column":25}},"298":{"start":{"line":299,"column":0},"end":{"line":299,"column":5}},"299":{"start":{"line":300,"column":0},"end":{"line":300,"column":6}},"300":{"start":{"line":301,"column":0},"end":{"line":301,"column":23}},"301":{"start":{"line":302,"column":0},"end":{"line":302,"column":22}},"302":{"start":{"line":303,"column":0},"end":{"line":303,"column":26}},"303":{"start":{"line":304,"column":0},"end":{"line":304,"column":22}},"304":{"start":{"line":305,"column":0},"end":{"line":305,"column":5}},"305":{"start":{"line":306,"column":0},"end":{"line":306,"column":0}},"306":{"start":{"line":307,"column":0},"end":{"line":307,"column":10}},"307":{"start":{"line":308,"column":0},"end":{"line":308,"column":6}},"308":{"start":{"line":309,"column":0},"end":{"line":309,"column":57}},"309":{"start":{"line":310,"column":0},"end":{"line":310,"column":50}},"310":{"start":{"line":311,"column":0},"end":{"line":311,"column":8}},"311":{"start":{"line":312,"column":0},"end":{"line":312,"column":0}},"312":{"start":{"line":313,"column":0},"end":{"line":313,"column":21}},"313":{"start":{"line":314,"column":0},"end":{"line":314,"column":22}},"314":{"start":{"line":315,"column":0},"end":{"line":315,"column":15}},"315":{"start":{"line":316,"column":0},"end":{"line":316,"column":30}},"316":{"start":{"line":317,"column":0},"end":{"line":317,"column":19}},"317":{"start":{"line":318,"column":0},"end":{"line":318,"column":38}},"318":{"start":{"line":319,"column":0},"end":{"line":319,"column":58}},"319":{"start":{"line":320,"column":0},"end":{"line":320,"column":20}},"320":{"start":{"line":321,"column":0},"end":{"line":321,"column":0}},"321":{"start":{"line":322,"column":0},"end":{"line":322,"column":30}},"322":{"start":{"line":323,"column":0},"end":{"line":323,"column":33}},"323":{"start":{"line":324,"column":0},"end":{"line":324,"column":50}},"324":{"start":{"line":325,"column":0},"end":{"line":325,"column":34}},"325":{"start":{"line":326,"column":0},"end":{"line":326,"column":31}},"326":{"start":{"line":327,"column":0},"end":{"line":327,"column":31}},"327":{"start":{"line":328,"column":0},"end":{"line":328,"column":0}},"328":{"start":{"line":329,"column":0},"end":{"line":329,"column":54}},"329":{"start":{"line":330,"column":0},"end":{"line":330,"column":30}},"330":{"start":{"line":331,"column":0},"end":{"line":331,"column":33}},"331":{"start":{"line":332,"column":0},"end":{"line":332,"column":34}},"332":{"start":{"line":333,"column":0},"end":{"line":333,"column":31}},"333":{"start":{"line":334,"column":0},"end":{"line":334,"column":38}},"334":{"start":{"line":335,"column":0},"end":{"line":335,"column":37}},"335":{"start":{"line":336,"column":0},"end":{"line":336,"column":18}},"336":{"start":{"line":337,"column":0},"end":{"line":337,"column":51}},"337":{"start":{"line":338,"column":0},"end":{"line":338,"column":46}},"338":{"start":{"line":339,"column":0},"end":{"line":339,"column":35}},"339":{"start":{"line":340,"column":0},"end":{"line":340,"column":0}},"340":{"start":{"line":341,"column":0},"end":{"line":341,"column":32}},"341":{"start":{"line":342,"column":0},"end":{"line":342,"column":46}},"342":{"start":{"line":343,"column":0},"end":{"line":343,"column":33}},"343":{"start":{"line":344,"column":0},"end":{"line":344,"column":31}},"344":{"start":{"line":345,"column":0},"end":{"line":345,"column":0}},"345":{"start":{"line":346,"column":0},"end":{"line":346,"column":38}},"346":{"start":{"line":347,"column":0},"end":{"line":347,"column":23}},"347":{"start":{"line":348,"column":0},"end":{"line":348,"column":35}},"348":{"start":{"line":349,"column":0},"end":{"line":349,"column":48}},"349":{"start":{"line":350,"column":0},"end":{"line":350,"column":50}},"350":{"start":{"line":351,"column":0},"end":{"line":351,"column":17}},"351":{"start":{"line":352,"column":0},"end":{"line":352,"column":15}},"352":{"start":{"line":353,"column":0},"end":{"line":353,"column":38}},"353":{"start":{"line":354,"column":0},"end":{"line":354,"column":36}},"354":{"start":{"line":355,"column":0},"end":{"line":355,"column":30}},"355":{"start":{"line":356,"column":0},"end":{"line":356,"column":37}},"356":{"start":{"line":357,"column":0},"end":{"line":357,"column":47}},"357":{"start":{"line":358,"column":0},"end":{"line":358,"column":41}},"358":{"start":{"line":359,"column":0},"end":{"line":359,"column":65}},"359":{"start":{"line":360,"column":0},"end":{"line":360,"column":39}},"360":{"start":{"line":361,"column":0},"end":{"line":361,"column":18}},"361":{"start":{"line":362,"column":0},"end":{"line":362,"column":32}},"362":{"start":{"line":363,"column":0},"end":{"line":363,"column":24}},"363":{"start":{"line":364,"column":0},"end":{"line":364,"column":27}},"364":{"start":{"line":365,"column":0},"end":{"line":365,"column":39}},"365":{"start":{"line":366,"column":0},"end":{"line":366,"column":46}},"366":{"start":{"line":367,"column":0},"end":{"line":367,"column":73}},"367":{"start":{"line":368,"column":0},"end":{"line":368,"column":46}},"368":{"start":{"line":369,"column":0},"end":{"line":369,"column":46}},"369":{"start":{"line":370,"column":0},"end":{"line":370,"column":43}},"370":{"start":{"line":371,"column":0},"end":{"line":371,"column":43}},"371":{"start":{"line":372,"column":0},"end":{"line":372,"column":21}},"372":{"start":{"line":373,"column":0},"end":{"line":373,"column":19}},"373":{"start":{"line":374,"column":0},"end":{"line":374,"column":33}},"374":{"start":{"line":375,"column":0},"end":{"line":375,"column":26}},"375":{"start":{"line":376,"column":0},"end":{"line":376,"column":33}},"376":{"start":{"line":377,"column":0},"end":{"line":377,"column":39}},"377":{"start":{"line":378,"column":0},"end":{"line":378,"column":75}},"378":{"start":{"line":379,"column":0},"end":{"line":379,"column":25}},"379":{"start":{"line":380,"column":0},"end":{"line":380,"column":39}},"380":{"start":{"line":381,"column":0},"end":{"line":381,"column":28}},"381":{"start":{"line":382,"column":0},"end":{"line":382,"column":18}},"382":{"start":{"line":383,"column":0},"end":{"line":383,"column":40}},"383":{"start":{"line":384,"column":0},"end":{"line":384,"column":0}},"384":{"start":{"line":385,"column":0},"end":{"line":385,"column":29}},"385":{"start":{"line":386,"column":0},"end":{"line":386,"column":40}},"386":{"start":{"line":387,"column":0},"end":{"line":387,"column":25}},"387":{"start":{"line":388,"column":0},"end":{"line":388,"column":34}},"388":{"start":{"line":389,"column":0},"end":{"line":389,"column":50}},"389":{"start":{"line":390,"column":0},"end":{"line":390,"column":52}},"390":{"start":{"line":391,"column":0},"end":{"line":391,"column":19}},"391":{"start":{"line":392,"column":0},"end":{"line":392,"column":17}},"392":{"start":{"line":393,"column":0},"end":{"line":393,"column":40}},"393":{"start":{"line":394,"column":0},"end":{"line":394,"column":35}},"394":{"start":{"line":395,"column":0},"end":{"line":395,"column":31}},"395":{"start":{"line":396,"column":0},"end":{"line":396,"column":36}},"396":{"start":{"line":397,"column":0},"end":{"line":397,"column":46}},"397":{"start":{"line":398,"column":0},"end":{"line":398,"column":43}},"398":{"start":{"line":399,"column":0},"end":{"line":399,"column":64}},"399":{"start":{"line":400,"column":0},"end":{"line":400,"column":41}},"400":{"start":{"line":401,"column":0},"end":{"line":401,"column":43}},"401":{"start":{"line":402,"column":0},"end":{"line":402,"column":20}},"402":{"start":{"line":403,"column":0},"end":{"line":403,"column":0}},"403":{"start":{"line":404,"column":0},"end":{"line":404,"column":34}},"404":{"start":{"line":405,"column":0},"end":{"line":405,"column":26}},"405":{"start":{"line":406,"column":0},"end":{"line":406,"column":29}},"406":{"start":{"line":407,"column":0},"end":{"line":407,"column":38}},"407":{"start":{"line":408,"column":0},"end":{"line":408,"column":48}},"408":{"start":{"line":409,"column":0},"end":{"line":409,"column":69}},"409":{"start":{"line":410,"column":0},"end":{"line":410,"column":48}},"410":{"start":{"line":411,"column":0},"end":{"line":411,"column":45}},"411":{"start":{"line":412,"column":0},"end":{"line":412,"column":45}},"412":{"start":{"line":413,"column":0},"end":{"line":413,"column":45}},"413":{"start":{"line":414,"column":0},"end":{"line":414,"column":23}},"414":{"start":{"line":415,"column":0},"end":{"line":415,"column":21}},"415":{"start":{"line":416,"column":0},"end":{"line":416,"column":32}},"416":{"start":{"line":417,"column":0},"end":{"line":417,"column":28}},"417":{"start":{"line":418,"column":0},"end":{"line":418,"column":35}},"418":{"start":{"line":419,"column":0},"end":{"line":419,"column":38}},"419":{"start":{"line":420,"column":0},"end":{"line":420,"column":48}},"420":{"start":{"line":421,"column":0},"end":{"line":421,"column":77}},"421":{"start":{"line":422,"column":0},"end":{"line":422,"column":29}},"422":{"start":{"line":423,"column":0},"end":{"line":423,"column":40}},"423":{"start":{"line":424,"column":0},"end":{"line":424,"column":29}},"424":{"start":{"line":425,"column":0},"end":{"line":425,"column":30}},"425":{"start":{"line":426,"column":0},"end":{"line":426,"column":20}},"426":{"start":{"line":427,"column":0},"end":{"line":427,"column":42}},"427":{"start":{"line":428,"column":0},"end":{"line":428,"column":0}},"428":{"start":{"line":429,"column":0},"end":{"line":429,"column":40}},"429":{"start":{"line":430,"column":0},"end":{"line":430,"column":25}},"430":{"start":{"line":431,"column":0},"end":{"line":431,"column":33}},"431":{"start":{"line":432,"column":0},"end":{"line":432,"column":50}},"432":{"start":{"line":433,"column":0},"end":{"line":433,"column":58}},"433":{"start":{"line":434,"column":0},"end":{"line":434,"column":19}},"434":{"start":{"line":435,"column":0},"end":{"line":435,"column":17}},"435":{"start":{"line":436,"column":0},"end":{"line":436,"column":40}},"436":{"start":{"line":437,"column":0},"end":{"line":437,"column":37}},"437":{"start":{"line":438,"column":0},"end":{"line":438,"column":31}},"438":{"start":{"line":439,"column":0},"end":{"line":439,"column":45}},"439":{"start":{"line":440,"column":0},"end":{"line":440,"column":35}},"440":{"start":{"line":441,"column":0},"end":{"line":441,"column":43}},"441":{"start":{"line":442,"column":0},"end":{"line":442,"column":63}},"442":{"start":{"line":443,"column":0},"end":{"line":443,"column":41}},"443":{"start":{"line":444,"column":0},"end":{"line":444,"column":20}},"444":{"start":{"line":445,"column":0},"end":{"line":445,"column":34}},"445":{"start":{"line":446,"column":0},"end":{"line":446,"column":26}},"446":{"start":{"line":447,"column":0},"end":{"line":447,"column":29}},"447":{"start":{"line":448,"column":0},"end":{"line":448,"column":37}},"448":{"start":{"line":449,"column":0},"end":{"line":449,"column":48}},"449":{"start":{"line":450,"column":0},"end":{"line":450,"column":67}},"450":{"start":{"line":451,"column":0},"end":{"line":451,"column":48}},"451":{"start":{"line":452,"column":0},"end":{"line":452,"column":44}},"452":{"start":{"line":453,"column":0},"end":{"line":453,"column":45}},"453":{"start":{"line":454,"column":0},"end":{"line":454,"column":45}},"454":{"start":{"line":455,"column":0},"end":{"line":455,"column":23}},"455":{"start":{"line":456,"column":0},"end":{"line":456,"column":21}},"456":{"start":{"line":457,"column":0},"end":{"line":457,"column":31}},"457":{"start":{"line":458,"column":0},"end":{"line":458,"column":28}},"458":{"start":{"line":459,"column":0},"end":{"line":459,"column":35}},"459":{"start":{"line":460,"column":0},"end":{"line":460,"column":37}},"460":{"start":{"line":461,"column":0},"end":{"line":461,"column":77}},"461":{"start":{"line":462,"column":0},"end":{"line":462,"column":27}},"462":{"start":{"line":463,"column":0},"end":{"line":463,"column":37}},"463":{"start":{"line":464,"column":0},"end":{"line":464,"column":30}},"464":{"start":{"line":465,"column":0},"end":{"line":465,"column":20}},"465":{"start":{"line":466,"column":0},"end":{"line":466,"column":42}},"466":{"start":{"line":467,"column":0},"end":{"line":467,"column":30}},"467":{"start":{"line":468,"column":0},"end":{"line":468,"column":0}},"468":{"start":{"line":469,"column":0},"end":{"line":469,"column":38}},"469":{"start":{"line":470,"column":0},"end":{"line":470,"column":23}},"470":{"start":{"line":471,"column":0},"end":{"line":471,"column":27}},"471":{"start":{"line":472,"column":0},"end":{"line":472,"column":48}},"472":{"start":{"line":473,"column":0},"end":{"line":473,"column":56}},"473":{"start":{"line":474,"column":0},"end":{"line":474,"column":17}},"474":{"start":{"line":475,"column":0},"end":{"line":475,"column":15}},"475":{"start":{"line":476,"column":0},"end":{"line":476,"column":38}},"476":{"start":{"line":477,"column":0},"end":{"line":477,"column":37}},"477":{"start":{"line":478,"column":0},"end":{"line":478,"column":40}},"478":{"start":{"line":479,"column":0},"end":{"line":479,"column":31}},"479":{"start":{"line":480,"column":0},"end":{"line":480,"column":33}},"480":{"start":{"line":481,"column":0},"end":{"line":481,"column":37}},"481":{"start":{"line":482,"column":0},"end":{"line":482,"column":57}},"482":{"start":{"line":483,"column":0},"end":{"line":483,"column":39}},"483":{"start":{"line":484,"column":0},"end":{"line":484,"column":18}},"484":{"start":{"line":485,"column":0},"end":{"line":485,"column":76}},"485":{"start":{"line":486,"column":0},"end":{"line":486,"column":50}},"486":{"start":{"line":487,"column":0},"end":{"line":487,"column":53}},"487":{"start":{"line":488,"column":0},"end":{"line":488,"column":23}},"488":{"start":{"line":489,"column":0},"end":{"line":489,"column":53}},"489":{"start":{"line":490,"column":0},"end":{"line":490,"column":20}},"490":{"start":{"line":491,"column":0},"end":{"line":491,"column":37}},"491":{"start":{"line":492,"column":0},"end":{"line":492,"column":32}},"492":{"start":{"line":493,"column":0},"end":{"line":493,"column":24}},"493":{"start":{"line":494,"column":0},"end":{"line":494,"column":27}},"494":{"start":{"line":495,"column":0},"end":{"line":495,"column":31}},"495":{"start":{"line":496,"column":0},"end":{"line":496,"column":46}},"496":{"start":{"line":497,"column":0},"end":{"line":497,"column":65}},"497":{"start":{"line":498,"column":0},"end":{"line":498,"column":46}},"498":{"start":{"line":499,"column":0},"end":{"line":499,"column":42}},"499":{"start":{"line":500,"column":0},"end":{"line":500,"column":43}},"500":{"start":{"line":501,"column":0},"end":{"line":501,"column":43}},"501":{"start":{"line":502,"column":0},"end":{"line":502,"column":21}},"502":{"start":{"line":503,"column":0},"end":{"line":503,"column":19}},"503":{"start":{"line":504,"column":0},"end":{"line":504,"column":28}},"504":{"start":{"line":505,"column":0},"end":{"line":505,"column":26}},"505":{"start":{"line":506,"column":0},"end":{"line":506,"column":33}},"506":{"start":{"line":507,"column":0},"end":{"line":507,"column":31}},"507":{"start":{"line":508,"column":0},"end":{"line":508,"column":75}},"508":{"start":{"line":509,"column":0},"end":{"line":509,"column":25}},"509":{"start":{"line":510,"column":0},"end":{"line":510,"column":36}},"510":{"start":{"line":511,"column":0},"end":{"line":511,"column":28}},"511":{"start":{"line":512,"column":0},"end":{"line":512,"column":18}},"512":{"start":{"line":513,"column":0},"end":{"line":513,"column":40}},"513":{"start":{"line":514,"column":0},"end":{"line":514,"column":30}},"514":{"start":{"line":515,"column":0},"end":{"line":515,"column":44}},"515":{"start":{"line":516,"column":0},"end":{"line":516,"column":38}},"516":{"start":{"line":517,"column":0},"end":{"line":517,"column":38}},"517":{"start":{"line":518,"column":0},"end":{"line":518,"column":16}},"518":{"start":{"line":519,"column":0},"end":{"line":519,"column":36}},"519":{"start":{"line":520,"column":0},"end":{"line":520,"column":33}},"520":{"start":{"line":521,"column":0},"end":{"line":521,"column":41}},"521":{"start":{"line":522,"column":0},"end":{"line":522,"column":41}},"522":{"start":{"line":523,"column":0},"end":{"line":523,"column":17}},"523":{"start":{"line":524,"column":0},"end":{"line":524,"column":27}},"524":{"start":{"line":525,"column":0},"end":{"line":525,"column":35}},"525":{"start":{"line":526,"column":0},"end":{"line":526,"column":16}},"526":{"start":{"line":527,"column":0},"end":{"line":527,"column":0}},"527":{"start":{"line":528,"column":0},"end":{"line":528,"column":79}},"528":{"start":{"line":529,"column":0},"end":{"line":529,"column":30}},"529":{"start":{"line":530,"column":0},"end":{"line":530,"column":35}},"530":{"start":{"line":531,"column":0},"end":{"line":531,"column":0}},"531":{"start":{"line":532,"column":0},"end":{"line":532,"column":22}},"532":{"start":{"line":533,"column":0},"end":{"line":533,"column":47}},"533":{"start":{"line":534,"column":0},"end":{"line":534,"column":23}},"534":{"start":{"line":535,"column":0},"end":{"line":535,"column":31}},"535":{"start":{"line":536,"column":0},"end":{"line":536,"column":16}},"536":{"start":{"line":537,"column":0},"end":{"line":537,"column":23}},"537":{"start":{"line":538,"column":0},"end":{"line":538,"column":22}},"538":{"start":{"line":539,"column":0},"end":{"line":539,"column":35}},"539":{"start":{"line":540,"column":0},"end":{"line":540,"column":29}},"540":{"start":{"line":541,"column":0},"end":{"line":541,"column":55}},"541":{"start":{"line":542,"column":0},"end":{"line":542,"column":59}},"542":{"start":{"line":543,"column":0},"end":{"line":543,"column":53}},"543":{"start":{"line":544,"column":0},"end":{"line":544,"column":30}},"544":{"start":{"line":545,"column":0},"end":{"line":545,"column":23}},"545":{"start":{"line":546,"column":0},"end":{"line":546,"column":22}},"546":{"start":{"line":547,"column":0},"end":{"line":547,"column":7}},"547":{"start":{"line":548,"column":0},"end":{"line":548,"column":4}},"548":{"start":{"line":549,"column":0},"end":{"line":549,"column":1}}},"s":{"0":1,"1":1,"2":1,"3":1,"4":1,"5":1,"6":1,"7":1,"8":1,"9":1,"10":1,"11":1,"12":1,"13":1,"14":1,"15":1,"16":1,"17":1,"18":1,"19":1,"20":1,"21":1,"22":1,"23":1,"24":1,"25":1,"26":1,"27":1,"28":1,"29":1,"30":1,"31":1,"32":1,"33":1,"34":1,"35":1,"36":1,"37":1,"38":1,"39":1,"40":1,"41":1,"42":1,"43":1,"44":1,"45":1,"46":1,"47":1,"48":1,"49":1,"50":1,"51":1,"52":1,"53":1,"54":1,"55":1,"56":1,"57":1,"58":1,"59":43,"60":43,"61":43,"62":43,"63":43,"64":43,"65":43,"66":43,"67":0,"68":0,"69":42,"70":42,"71":42,"72":42,"73":42,"74":42,"75":42,"76":42,"77":42,"78":42,"79":42,"80":42,"81":42,"82":42,"83":42,"84":42,"85":42,"86":42,"87":42,"88":42,"89":42,"90":42,"91":42,"92":42,"93":12,"94":42,"95":42,"96":42,"97":42,"98":42,"99":42,"100":42,"101":42,"102":42,"103":1,"104":1,"105":1,"106":1,"107":1,"108":1,"109":1,"110":1,"111":1,"112":0,"113":0,"114":1,"115":1,"116":1,"117":1,"118":0,"119":0,"120":1,"121":1,"122":42,"123":42,"124":42,"125":42,"126":42,"127":42,"128":42,"129":42,"130":42,"131":23,"132":23,"133":42,"134":42,"135":42,"136":42,"137":42,"138":42,"139":42,"140":42,"141":42,"142":42,"143":42,"144":42,"145":42,"146":42,"147":42,"148":42,"149":42,"150":42,"151":42,"152":42,"153":42,"154":42,"155":42,"156":42,"157":42,"158":42,"159":1,"160":1,"161":1,"162":1,"163":1,"164":1,"165":1,"166":1,"167":1,"168":1,"169":1,"170":1,"171":1,"172":1,"173":1,"174":1,"175":1,"176":1,"177":1,"178":1,"179":1,"180":1,"181":1,"182":1,"183":1,"184":1,"185":1,"186":1,"187":0,"188":0,"189":0,"190":0,"191":1,"192":42,"193":42,"194":3,"195":3,"196":3,"197":0,"198":0,"199":3,"200":1,"201":1,"202":3,"203":0,"204":0,"205":3,"206":0,"207":0,"208":3,"209":0,"210":0,"211":3,"212":3,"213":3,"214":3,"215":3,"216":3,"217":3,"218":42,"219":42,"220":0,"221":0,"222":0,"223":42,"224":42,"225":0,"226":0,"227":0,"228":0,"229":0,"230":0,"231":0,"232":42,"233":42,"234":0,"235":0,"236":0,"237":0,"238":0,"239":0,"240":0,"241":42,"242":42,"243":1,"244":1,"245":1,"246":1,"247":1,"248":1,"249":0,"250":0,"251":0,"252":0,"253":0,"254":1,"255":1,"256":1,"257":1,"258":1,"259":1,"260":0,"261":1,"262":42,"263":42,"264":42,"265":42,"266":42,"267":10,"268":2,"269":2,"270":8,"271":1,"272":0,"273":0,"274":8,"275":0,"276":0,"277":8,"278":0,"279":0,"280":0,"281":8,"282":8,"283":8,"284":42,"285":42,"286":42,"287":42,"288":42,"289":42,"290":42,"291":42,"292":42,"293":42,"294":42,"295":42,"296":8,"297":0,"298":0,"299":42,"300":42,"301":42,"302":42,"303":42,"304":42,"305":42,"306":42,"307":42,"308":43,"309":0,"310":43,"311":43,"312":43,"313":43,"314":43,"315":43,"316":43,"317":43,"318":43,"319":43,"320":43,"321":43,"322":43,"323":43,"324":43,"325":43,"326":43,"327":43,"328":43,"329":43,"330":43,"331":43,"332":43,"333":43,"334":43,"335":43,"336":43,"337":43,"338":43,"339":43,"340":43,"341":43,"342":43,"343":43,"344":43,"345":43,"346":43,"347":43,"348":3,"349":39,"350":43,"351":43,"352":43,"353":43,"354":43,"355":43,"356":43,"357":43,"358":43,"359":43,"360":43,"361":43,"362":43,"363":43,"364":43,"365":3,"366":39,"367":39,"368":0,"369":0,"370":0,"371":43,"372":43,"373":43,"374":43,"375":43,"376":43,"377":3,"378":3,"379":3,"380":3,"381":43,"382":43,"383":43,"384":43,"385":43,"386":43,"387":43,"388":7,"389":35,"390":43,"391":43,"392":43,"393":43,"394":43,"395":43,"396":43,"397":43,"398":43,"399":43,"400":43,"401":43,"402":43,"403":43,"404":43,"405":43,"406":43,"407":7,"408":35,"409":32,"410":3,"411":0,"412":3,"413":43,"414":43,"415":43,"416":43,"417":43,"418":43,"419":7,"420":7,"421":7,"422":7,"423":7,"424":7,"425":43,"426":43,"427":43,"428":43,"429":43,"430":43,"431":3,"432":39,"433":43,"434":43,"435":43,"436":43,"437":43,"438":43,"439":43,"440":43,"441":43,"442":43,"443":43,"444":43,"445":43,"446":43,"447":43,"448":3,"449":39,"450":39,"451":0,"452":0,"453":0,"454":43,"455":43,"456":43,"457":43,"458":43,"459":43,"460":3,"461":3,"462":3,"463":3,"464":43,"465":43,"466":43,"467":43,"468":43,"469":43,"470":43,"471":3,"472":39,"473":43,"474":43,"475":43,"476":43,"477":43,"478":43,"479":43,"480":43,"481":43,"482":43,"483":43,"484":43,"485":43,"486":42,"487":0,"488":0,"489":43,"490":43,"491":43,"492":43,"493":43,"494":43,"495":3,"496":39,"497":35,"498":4,"499":0,"500":4,"501":43,"502":43,"503":43,"504":43,"505":43,"506":43,"507":3,"508":3,"509":3,"510":3,"511":43,"512":43,"513":43,"514":43,"515":43,"516":43,"517":43,"518":43,"519":42,"520":42,"521":42,"522":42,"523":42,"524":42,"525":43,"526":43,"527":43,"528":43,"529":43,"530":43,"531":43,"532":43,"533":43,"534":43,"535":43,"536":43,"537":43,"538":43,"539":43,"540":43,"541":43,"542":43,"543":43,"544":43,"545":43,"546":43,"547":43,"548":43},"branchMap":{"0":{"type":"branch","line":60,"loc":{"start":{"line":60,"column":0},"end":{"line":549,"column":1}},"locations":[{"start":{"line":60,"column":0},"end":{"line":549,"column":1}}]},"1":{"type":"branch","line":67,"loc":{"start":{"line":67,"column":19},"end":{"line":69,"column":3}},"locations":[{"start":{"line":67,"column":19},"end":{"line":69,"column":3}}]},"2":{"type":"branch","line":69,"loc":{"start":{"line":69,"column":2},"end":{"line":309,"column":29}},"locations":[{"start":{"line":69,"column":2},"end":{"line":309,"column":29}}]},"3":{"type":"branch","line":309,"loc":{"start":{"line":309,"column":21},"end":{"line":309,"column":57}},"locations":[{"start":{"line":309,"column":21},"end":{"line":309,"column":57}}]},"4":{"type":"branch","line":309,"loc":{"start":{"line":309,"column":43},"end":{"line":310,"column":50}},"locations":[{"start":{"line":309,"column":43},"end":{"line":310,"column":50}}]},"5":{"type":"branch","line":348,"loc":{"start":{"line":348,"column":18},"end":{"line":349,"column":48}},"locations":[{"start":{"line":348,"column":18},"end":{"line":349,"column":48}}]},"6":{"type":"branch","line":349,"loc":{"start":{"line":349,"column":47},"end":{"line":350,"column":50}},"locations":[{"start":{"line":349,"column":47},"end":{"line":350,"column":50}}]},"7":{"type":"branch","line":359,"loc":{"start":{"line":359,"column":30},"end":{"line":359,"column":58}},"locations":[{"start":{"line":359,"column":30},"end":{"line":359,"column":58}}]},"8":{"type":"branch","line":359,"loc":{"start":{"line":359,"column":50},"end":{"line":359,"column":65}},"locations":[{"start":{"line":359,"column":50},"end":{"line":359,"column":65}}]},"9":{"type":"branch","line":365,"loc":{"start":{"line":365,"column":22},"end":{"line":366,"column":46}},"locations":[{"start":{"line":365,"column":22},"end":{"line":366,"column":46}}]},"10":{"type":"branch","line":366,"loc":{"start":{"line":366,"column":45},"end":{"line":371,"column":43}},"locations":[{"start":{"line":366,"column":45},"end":{"line":371,"column":43}}]},"11":{"type":"branch","line":368,"loc":{"start":{"line":368,"column":45},"end":{"line":371,"column":43}},"locations":[{"start":{"line":368,"column":45},"end":{"line":371,"column":43}}]},"12":{"type":"branch","line":377,"loc":{"start":{"line":377,"column":17},"end":{"line":381,"column":28}},"locations":[{"start":{"line":377,"column":17},"end":{"line":381,"column":28}}]},"13":{"type":"branch","line":388,"loc":{"start":{"line":388,"column":20},"end":{"line":389,"column":50}},"locations":[{"start":{"li
[...]
4":{"start":{"line":325,"column":0},"end":{"line":325,"column":22}},"325":{"start":{"line":326,"column":0},"end":{"line":326,"column":21}},"326":{"start":{"line":327,"column":0},"end":{"line":327,"column":13}},"327":{"start":{"line":328,"column":0},"end":{"line":328,"column":16}},"328":{"start":{"line":329,"column":0},"end":{"line":329,"column":20}},"329":{"start":{"line":330,"column":0},"end":{"line":330,"column":19}},"330":{"start":{"line":331,"column":0},"end":{"line":331,"column":21}},"331":{"start":{"line":332,"column":0},"end":{"line":332,"column":1}},"332":{"start":{"line":333,"column":0},"end":{"line":333,"column":36}},"333":{"start":{"line":334,"column":0},"end":{"line":334,"column":15}},"334":{"start":{"line":335,"column":0},"end":{"line":335,"column":22}},"335":{"start":{"line":336,"column":0},"end":{"line":336,"column":17}},"336":{"start":{"line":337,"column":0},"end":{"line":337,"column":28}},"337":{"start":{"line":338,"column":0},"end":{"line":338,"column":25}},"338":{"start":{"line":339,"column":0},"end":{"line":339,"column":31}},"339":{"start":{"line":340,"column":0},"end":{"line":340,"column":25}},"340":{"start":{"line":341,"column":0},"end":{"line":341,"column":23}},"341":{"start":{"line":342,"column":0},"end":{"line":342,"column":21}},"342":{"start":{"line":343,"column":0},"end":{"line":343,"column":17}},"343":{"start":{"line":344,"column":0},"end":{"line":344,"column":26}},"344":{"start":{"line":345,"column":0},"end":{"line":345,"column":17}},"345":{"start":{"line":346,"column":0},"end":{"line":346,"column":3}},"346":{"start":{"line":347,"column":0},"end":{"line":347,"column":1}},"347":{"start":{"line":348,"column":0},"end":{"line":348,"column":37}},"348":{"start":{"line":349,"column":0},"end":{"line":349,"column":116}},"349":{"start":{"line":350,"column":0},"end":{"line":350,"column":28}},"350":{"start":{"line":351,"column":0},"end":{"line":351,"column":25}},"351":{"start":{"line":352,"column":0},"end":{"line":352,"column":31}},"352":{"start":{"line":353,"column":0},"end":{"line":353,"column":25}},"353":{"start":{"line":354,"column":0},"end":{"line":354,"column":23}},"354":{"start":{"line":355,"column":0},"end":{"line":355,"column":21}},"355":{"start":{"line":356,"column":0},"end":{"line":356,"column":9}},"356":{"start":{"line":357,"column":0},"end":{"line":357,"column":10}},"357":{"start":{"line":358,"column":0},"end":{"line":358,"column":11}},"358":{"start":{"line":359,"column":0},"end":{"line":359,"column":12}},"359":{"start":{"line":360,"column":0},"end":{"line":360,"column":0}},"360":{"start":{"line":361,"column":0},"end":{"line":361,"column":1}},"361":{"start":{"line":362,"column":0},"end":{"line":362,"column":33}},"362":{"start":{"line":363,"column":0},"end":{"line":363,"column":13}},"363":{"start":{"line":364,"column":0},"end":{"line":364,"column":16}},"364":{"start":{"line":365,"column":0},"end":{"line":365,"column":22}},"365":{"start":{"line":366,"column":0},"end":{"line":366,"column":22}},"366":{"start":{"line":367,"column":0},"end":{"line":367,"column":26}},"367":{"start":{"line":368,"column":0},"end":{"line":368,"column":26}},"368":{"start":{"line":369,"column":0},"end":{"line":369,"column":16}},"369":{"start":{"line":370,"column":0},"end":{"line":370,"column":3}},"370":{"start":{"line":371,"column":0},"end":{"line":371,"column":1}},"371":{"start":{"line":372,"column":0},"end":{"line":372,"column":32}},"372":{"start":{"line":373,"column":0},"end":{"line":373,"column":15}},"373":{"start":{"line":374,"column":0},"end":{"line":374,"column":24}},"374":{"start":{"line":375,"column":0},"end":{"line":375,"column":32}},"375":{"start":{"line":376,"column":0},"end":{"line":376,"column":9}},"376":{"start":{"line":377,"column":0},"end":{"line":377,"column":19}},"377":{"start":{"line":378,"column":0},"end":{"line":378,"column":1}},"378":{"start":{"line":379,"column":0},"end":{"line":379,"column":34}},"379":{"start":{"line":380,"column":0},"end":{"line":380,"column":1}},"380":{"start":{"line":381,"column":0},"end":{"line":381,"column":34}},"381":{"start":{"line":382,"column":0},"end":{"line":382,"column":18}},"382":{"start":{"line":383,"column":0},"end":{"line":383,"column":17}},"383":{"start":{"line":384,"column":0},"end":{"line":384,"column":18}},"384":{"start":{"line":385,"column":0},"end":{"line":385,"column":15}},"385":{"start":{"line":386,"column":0},"end":{"line":386,"column":19}},"386":{"start":{"line":387,"column":0},"end":{"line":387,"column":20}},"387":{"start":{"line":388,"column":0},"end":{"line":388,"column":17}},"388":{"start":{"line":389,"column":0},"end":{"line":389,"column":15}},"389":{"start":{"line":390,"column":0},"end":{"line":390,"column":22}},"390":{"start":{"line":391,"column":0},"end":{"line":391,"column":20}},"391":{"start":{"line":392,"column":0},"end":{"line":392,"column":1}}},"s":{"0":1,"1":1,"2":1,"3":1,"4":1,"5":1,"6":1,"7":1,"8":1,"9":1,"10":1,"11":1,"12":1,"13":1,"14":1,"15":1,"16":1,"17":1,"18":1,"19":1,"20":1,"21":1,"22":1,"23":1,"24":1,"25":1,"26":1,"27":1,"28":1,"29":1,"30":1,"31":1,"32":1,"33":1,"34":1,"35":1,"36":1,"37":1,"38":1,"39":1,"40":1,"41":1,"42":1,"43":1,"44":1,"45":1,"46":1,"47":1,"48":1,"49":1,"50":1,"51":1,"52":1,"53":1,"54":1,"55":1,"56":1,"57":1,"58":1,"59":1,"60":1,"61":1,"62":1,"63":1,"64":1,"65":1,"66":1,"67":1,"68":1,"69":1,"70":1,"71":1,"72":1,"73":1,"74":1,"75":1,"76":1,"77":1,"78":1,"79":1,"80":1,"81":1,"82":1,"83":1,"84":1,"85":1,"86":1,"87":1,"88":1,"89":1,"90":1,"91":1,"92":1,"93":1,"94":1,"95":1,"96":1,"97":1,"98":1,"99":1,"100":1,"101":1,"102":1,"103":1,"104":1,"105":1,"106":1,"107":1,"108":1,"109":1,"110":1,"111":1,"112":1,"113":1,"114":1,"115":1,"116":1,"117":1,"118":1,"119":1,"120":1,"121":1,"122":1,"123":1,"124":1,"125":1,"126":1,"127":1,"128":1,"129":1,"130":1,"131":1,"132":1,"133":1,"134":1,"135":1,"136":1,"137":1,"138":1,"139":1,"140":1,"141":1,"142":1,"143":1,"144":1,"145":1,"146":1,"147":1,"148":1,"149":1,"150":1,"151":1,"152":1,"153":1,"154":1,"155":1,"156":1,"157":1,"158":1,"159":1,"160":1,"161":1,"162":1,"163":1,"164":1,"165":1,"166":1,"167":1,"168":1,"169":1,"170":1,"171":1,"172":1,"173":1,"174":1,"175":1,"176":1,"177":1,"178":1,"179":1,"180":1,"181":1,"182":1,"183":1,"184":1,"185":1,"186":1,"187":1,"188":1,"189":1,"190":1,"191":1,"192":1,"193":1,"194":1,"195":1,"196":1,"197":1,"198":1,"199":1,"200":1,"201":1,"202":1,"203":1,"204":1,"205":1,"206":1,"207":1,"208":1,"209":1,"210":1,"211":1,"212":1,"213":1,"214":1,"215":1,"216":1,"217":1,"218":1,"219":1,"220":1,"221":1,"222":1,"223":1,"224":1,"225":1,"226":1,"227":1,"228":1,"229":1,"230":1,"231":1,"232":1,"233":1,"234":1,"235":1,"236":1,"237":1,"238":1,"239":1,"240":1,"241":1,"242":1,"243":1,"244":1,"245":1,"246":1,"247":1,"248":1,"249":1,"250":1,"251":1,"252":1,"253":1,"254":1,"255":1,"256":1,"257":1,"258":1,"259":1,"260":1,"261":1,"262":1,"263":1,"264":1,"265":1,"266":1,"267":1,"268":1,"269":1,"270":1,"271":1,"272":1,"273":1,"274":1,"275":1,"276":1,"277":1,"278":1,"279":1,"280":1,"281":1,"282":1,"283":1,"284":1,"285":1,"286":1,"287":1,"288":1,"289":1,"290":1,"291":1,"292":1,"293":1,"294":1,"295":1,"296":1,"297":1,"298":1,"299":1,"300":1,"301":1,"302":1,"303":1,"304":1,"305":1,"306":1,"307":1,"308":1,"309":1,"310":1,"311":1,"312":1,"313":1,"314":1,"315":1,"316":1,"317":1,"318":1,"319":1,"320":1,"321":1,"322":1,"323":1,"324":1,"325":1,"326":1,"327":1,"328":1,"329":1,"330":1,"331":1,"332":1,"333":1,"334":1,"335":1,"336":1,"337":1,"338":1,"339":1,"340":1,"341":1,"342":1,"343":1,"344":1,"345":1,"346":1,"347":1,"348":1,"349":1,"350":1,"351":1,"352":1,"353":1,"354":1,"355":1,"356":1,"357":1,"358":1,"359":1,"360":1,"361":1,"362":1,"363":1,"364":1,"365":1,"366":1,"367":1,"368":1,"369":1,"370":1,"371":1,"372":1,"373":1,"374":1,"375":1,"376":1,"377":1,"378":1,"379":1,"380":1,"381":1,"382":1,"383":1,"384":1,"385":1,"386":1,"387":1,"388":1,"389":1,"390":1,"391":1},"branchMap":{"0":{"type":"branch","line":3,"loc":{"start":{"line":3,"column":32},"end":{"line":3,"column":36}},"locations":[{"start":{"line":3,"column":32},"end":{"line":3,"column":36}}]},"1":{"type":"branch","line":11,"loc":{"start":{"line":11,"column":33},"end":{"line":11,"column":37}},"locations":[{"start":{"line":11,"column":33},"end":{"line":11,"column":37}}]},"2":{"type":"branch","line":17,"loc":{"start":{"line":17,"column":34},"end":{"line":17,"column":36}},"locations":[{"start":{"line":17,"column":34},"end":{"line":17,"column":36}}]},"3":{"type":"branch","line":27,"loc":{"start":{"line":27,"column":40},"end":{"line":27,"column":47}},"locations":[{"start":{"line":27,"column":40},"end":{"line":27,"column":47}}]},"4":{"type":"branch","line":55,"loc":{"start":{"line":55,"column":44},"end":{"line":55,"column":48}},"locations":[{"start":{"line":55,"column":44},"end":{"line":55,"column":48}}]},"5":{"type":"branch","line":58,"loc":{"start":{"line":58,"column":44},"end":{"line":58,"column":48}},"locations":[{"start":{"line":58,"column":44},"end":{"line":58,"column":48}}]},"6":{"type":"branch","line":64,"loc":{"start":{"line":64,"column":29},"end":{"line":64,"column":31}},"locations":[{"start":{"line":64,"column":29},"end":{"line":64,"column":31}}]},"7":{"type":"branch","line":71,"loc":{"start":{"line":71,"column":33},"end":{"line":71,"column":35}},"locations":[{"start":{"line":71,"column":33},"end":{"line":71,"column":35}}]},"8":{"type":"branch","line":82,"loc":{"start":{"line":82,"column":31},"end":{"line":82,"column":35}},"locations":[{"start":{"line":82,"column":31},"end":{"line":82,"column":35}}]},"9":{"type":"branch","line":88,"loc":{"start":{"line":88,"column":32},"end":{"line":88,"column":37}},"locations":[{"start":{"line":88,"column":32},"end":{"line":88,"column":37}}]},"10":{"type":"branch","line":93,"loc":{"start":{"line":93,"column":34},"end":{"line":93,"column":39}},"locations":[{"start":{"line":93,"column":34},"end":{"line":93,"column":39}}]},"11":{"type":"branch","line":105,"loc":{"start":{"line":105,"column":33},"end":{"line":105,"column":39}},"locations":[{"start":{"line":105,"column":33},"end":{"line":105,"column":39}}]},"12":{"type":"branch","line":129,"loc":{"start":{"line":129,"column":33},"end":{"line":129,"column":37}},"locations":[{"start":{"line":129,"column":33},"end":{"line":129,"column":37}}]},"13":{"type":"branch","line":141,"loc":{"start":{"line":141,"column":35},"end":{"line":141,"column":42}},"locations":[{"start":{"line":141,"column":35},"end":{"line":141,"column":42}}]},"14":{"type":"branch","line":162,"loc":{"start":{"line":162,"column":37},"end":{"line":162,"column":44}},"locations":[{"start":{"line":162,"column":37},"end":{"line":162,"column":44}}]},"15":{"type":"branch","line":183,"loc":{"start":{"line":183,"column":32},"end":{"line":183,"column":36}},"locations":[{"start":{"line":183,"column":32},"end":{"line":183,"column":36}}]},"16":{"type":"branch","line":188,"loc":{"start":{"line":188,"column":32},"end":{"line":188,"column":36}},"locations":[{"start":{"line":188,"column":32},"end":{"line":188,"column":36}}]},"17":{"type":"branch","line":194,"loc":{"start":{"line":194,"column":30},"end":{"line":194,"column":34}},"locations":[{"start":{"line":194,"column":30},"end":{"line":194,"column":34}}]},"18":{"type":"branch","line":200,"loc":{"start":{"line":200,"column":36},"end":{"line":200,"column":39}},"locations":[{"start":{"line":200,"column":36},"end":{"line":200,"column":39}}]},"19":{"type":"branch","line":218,"loc":{"start":{"line":218,"column":31},"end":{"line":218,"column":35}},"locations":[{"start":{"line":218,"column":31},"end":{"line":218,"column":35}}]},"20":{"type":"branch","line":233,"loc":{"start":{"line":233,"column":28},"end":{"line":233,"column":30}},"locations":[{"start":{"line":233,"column":28},"end":{"line":233,"column":30}}]},"21":{"type":"branch","line":253,"loc":{"start":{"line":253,"column":32},"end":{"line":253,"column":36}},"locations":[{"start":{"line":253,"column":32},"end":{"line":253,"column":36}}]},"22":{"type":"branch","line":265,"loc":{"start":{"line":265,"column":29},"end":{"line":265,"column":31}},"locations":[{"start":{"line":265,"column":29},"end":{"line":265,"column":31}}]},"23":{"type":"branch","line":285,"loc":{"start":{"line":285,"column":30},"end":{"line":285,"column":34}},"locations":[{"start":{"line":285,"column":30},"end":{"line":285,"column":34}}]},"24":{"type":"branch","line":298,"loc":{"start":{"line":298,"column":37},"end":{"line":298,"column":44}},"locations":[{"start":{"line":298,"column":37},"end":{"line":298,"column":44}}]},"25":{"type":"branch","line":318,"loc":{"start":{"line":318,"column":36},"end":{"line":318,"column":40}},"locations":[{"start":{"line":318,"column":36},"end":{"line":318,"column":40}}]},"26":{"type":"branch","line":333,"loc":{"start":{"line":333,"column":32},"end":{"line":333,"column":36}},"locations":[{"start":{"line":333,"column":32},"end":{"line":333,"column":36}}]},"27":{"type":"branch","line":348,"loc":{"start":{"line":348,"column":33},"end":{"line":348,"column":37}},"locations":[{"start":{"line":348,"column":33},"end":{"line":348,"column":37}}]},"28":{"type":"branch","line":362,"loc":{"start":{"line":362,"column":29},"end":{"line":362,"column":33}},"locations":[{"start":{"line":362,"column":29},"end":{"line":362,"column":33}}]},"29":{"type":"branch","line":372,"loc":{"start":{"line":372,"column":27},"end":{"line":372,"column":32}},"locations":[{"start":{"line":372,"column":27},"end":{"line":372,"column":32}}]},"30":{"type":"branch","line":379,"loc":{"start":{"line":379,"column":30},"end":{"line":379,"column":34}},"locations":[{"start":{"line":379,"column":30},"end":{"line":379,"column":34}}]},"31":{"type":"branch","line":381,"loc":{"start":{"line":381,"column":28},"end":{"line":381,"column":34}},"locations":[{"start":{"line":381,"column":28},"end":{"line":381,"column":34}}]}},"b":{"0":[3],"1":[3],"2":[3],"3":[3],"4":[3],"5":[3],"6":[3],"7":[3],"8":[3],"9":[3],"10":[3],"11":[3],"12":[3],"13":[3],"14":[3],"15":[3],"16":[3],"17":[3],"18":[3],"19":[3],"20":[3],"21":[3],"22":[3],"23":[3],"24":[3],"25":[3],"26":[3],"27":[3],"28":[3],"29":[3],"30":[3],"31":[3]},"fnMap":{"0":{"name":"get","decl":{"start":{"line":3,"column":32},"end":{"line":3,"column":36}},"loc":{"start":{"line":3,"column":32},"end":{"line":3,"column":36}},"line":3},"1":{"name":"get","decl":{"start":{"line":11,"column":33},"end":{"line":11,"column":37}},"loc":{"start":{"line":11,"column":33},"end":{"line":11,"column":37}},"line":11},"2":{"name":"get","decl":{"start":{"line":17,"column":34},"end":{"line":17,"column":36}},"loc":{"start":{"line":17,"column":34},"end":{"line":17,"column":36}},"line":17},"3":{"name":"get","decl":{"start":{"line":27,"column":40},"end":{"line":27,"column":47}},"loc":{"start":{"line":27,"column":40},"end":{"line":27,"column":47}},"line":27},"4":{"name":"get","decl":{"start":{"line":55,"column":44},"end":{"line":55,"column":48}},"loc":{"start":{"line":55,"column":44},"end":{"line":55,"column":48}},"line":55},"5":{"name":"get","decl":{"start":{"line":58,"column":44},"end":{"line":58,"column":48}},"loc":{"start":{"line":58,"column":44},"end":{"line":58,"column":48}},"line":58},"6":{"name":"get","decl":{"start":{"line":64,"column":29},"end":{"line":64,"column":31}},"loc":{"start":{"line":64,"column":29},"end":{"line":64,"column":31}},"line":64},"7":{"name":"get","decl":{"start":{"line":71,"column":33},"end":{"line":71,"column":35}},"loc":{"start":{"line":71,"column":33},"end":{"line":71,"column":35}},"line":71},"8":{"name":"get","decl":{"start":{"line":82,"column":31},"end":{"line":82,"column":35}},"loc":{"start":{"line":82,"column":31},"end":{"line":82,"column":35}},"line":82},"9":{"name":"get","decl":{"start":{"line":88,"column":32},"end":{"line":88,"column":37}},"loc":{"start":{"line":88,"column":32},"end":{"line":88,"column":37}},"line":88},"10":{"name":"get","decl":{"start":{"line":93,"column":34},"end":{"line":93,"column":39}},"loc":{"start":{"line":93,"column":34},"end":{"line":93,"column":39}},"line":93},"11":{"name":"get","decl":{"start":{"line":99,"column":36},"end":{"line":99,"column":41}},"loc":{"start":{"line":99,"column":36},"end":{"line":99,"column":41}},"line":99},"12":{"name":"get","decl":{"start":{"line":105,"column":33},"end":{"line":105,"column":39}},"loc":{"start":{"line":105,"column":33},"end":{"line":105,"column":39}},"line":105},"13":{"name":"get","decl":{"start":{"line":129,"column":33},"end":{"line":129,"column":37}},"loc":{"start":{"line":129,"column":33},"end":{"line":129,"column":37}},"line":129},"14":{"name":"get","decl":{"start":{"line":141,"column":35},"end":{"line":141,"column":42}},"loc":{"start":{"line":141,"column":35},"end":{"line":141,"column":42}},"line":141},"15":{"name":"get","decl":{"start":{"line":162,"column":37},"end":{"line":162,"column":44}},"loc":{"start":{"line":162,"column":37},"end":{"line":162,"column":44}},"line":162},"16":{"name":"get","decl":{"start":{"line":183,"column":32},"end":{"line":183,"column":36}},"loc":{"start":{"line":183,"column":32},"end":{"line":183,"column":36}},"line":183},"17":{"name":"get","decl":{"start":{"line":188,"column":32},"end":{"line":188,"column":36}},"loc":{"start":{"line":188,"column":32},"end":{"line":188,"column":36}},"line":188},"18":{"name":"get","decl":{"start":{"line":194,"column":30},"end":{"line":194,"column":34}},"loc":{"start":{"line":194,"column":30},"end":{"line":194,"column":34}},"line":194},"19":{"name":"get","decl":{"start":{"line":200,"column":36},"end":{"line":200,"column":39}},"loc":{"start":{"line":200,"column":36},"end":{"line":200,"column":39}},"line":200},"20":{"name":"get","decl":{"start":{"line":218,"column":31},"end":{"line":218,"column":35}},"loc":{"start":{"line":218,"column":31},"end":{"line":218,"column":35}},"line":218},"21":{"name":"get","decl":{"start":{"line":233,"column":28},"end":{"line":233,"column":30}},"loc":{"start":{"line":233,"column":28},"end":{"line":233,"column":30}},"line":233},"22":{"name":"get","decl":{"start":{"line":253,"column":32},"end":{"line":253,"column":36}},"loc":{"start":{"line":253,"column":32},"end":{"line":253,"column":36}},"line":253},"23":{"name":"get","decl":{"start":{"line":265,"column":29},"end":{"line":265,"column":31}},"loc":{"start":{"line":265,"column":29},"end":{"line":265,"column":31}},"line":265},"24":{"name":"get","decl":{"start":{"line":285,"column":30},"end":{"line":285,"column":34}},"loc":{"start":{"line":285,"column":30},"end":{"line":285,"column":34}},"line":285},"25":{"name":"get","decl":{"start":{"line":298,"column":37},"end":{"line":298,"column":44}},"loc":{"start":{"line":298,"column":37},"end":{"line":298,"column":44}},"line":298},"26":{"name":"get","decl":{"start":{"line":318,"column":36},"end":{"line":318,"column":40}},"loc":{"start":{"line":318,"column":36},"end":{"line":318,"column":40}},"line":318},"27":{"name":"get","decl":{"start":{"line":333,"column":32},"end":{"line":333,"column":36}},"loc":{"start":{"line":333,"column":32},"end":{"line":333,"column":36}},"line":333},"28":{"name":"get","decl":{"start":{"line":348,"column":33},"end":{"line":348,"column":37}},"loc":{"start":{"line":348,"column":33},"end":{"line":348,"column":37}},"line":348},"29":{"name":"get","decl":{"start":{"line":362,"column":29},"end":{"line":362,"column":33}},"loc":{"start":{"line":362,"column":29},"end":{"line":362,"column":33}},"line":362},"30":{"name":"get","decl":{"start":{"line":372,"column":27},"end":{"line":372,"column":32}},"loc":{"start":{"line":372,"column":27},"end":{"line":372,"column":32}},"line":372},"31":{"name":"get","decl":{"start":{"line":379,"column":30},"end":{"line":379,"column":34}},"loc":{"start":{"line":379,"column":30},"end":{"line":379,"column":34}},"line":379},"32":{"name":"get","decl":{"start":{"line":381,"column":28},"end":{"line":381,"column":34}},"loc":{"start":{"line":381,"column":28},"end":{"line":381,"column":34}},"line":381}},"f":{"0":3,"1":3,"2":3,"3":3,"4":3,"5":3,"6":3,"7":3,"8":3,"9":3,"10":3,"11":0,"12":3,"13":3,"14":3,"15":3,"16":3,"17":3,"18":3,"19":3,"20":3,"21":3,"22":3,"23":3,"24":3,"25":3,"26":3,"27":3,"28":3,"29":3,"30":3,"31":3,"32":3}}
}
