{"C:\\Users\\moham\\Desktop\\tessera-frontend\\src\\components\\EventBox.jsx": {"path":"C:\\Users\\moham\\Desktop\\tessera-frontend\\src\\components\\EventBox.jsx","all":false,"statementMap":{"0":{"start":{"line":1,"column":0},"end":{"line":1,"column":41}},"1":{"start":{"line":2,"column":0},"end":{"line":2,"column":10}},"2":{"start":{"line":3,"column":0},"end":{"line":3,"column":32}},"3":{"start":{"line":4,"column":0},"end":{"line":4,"column":49}},"4":{"start":{"line":5,"column":0},"end":{"line":5,"column":51}},"5":{"start":{"line":6,"column":0},"end":{"line":6,"column":27}},"6":{"start":{"line":7,"column":0},"end":{"line":7,"column":32}},"7":{"start":{"line":8,"column":0},"end":{"line":8,"column":52}},"8":{"start":{"line":9,"column":0},"end":{"line":9,"column":36}},"9":{"start":{"line":10,"column":0},"end":{"line":10,"column":12}},"10":{"start":{"line":11,"column":0},"end":{"line":11,"column":70}},"11":{"start":{"line":12,"column":0},"end":{"line":12,"column":25}},"12":{"start":{"line":13,"column":0},"end":{"line":13,"column":13}},"13":{"start":{"line":14,"column":0},"end":{"line":14,"column":10}},"14":{"start":{"line":15,"column":0},"end":{"line":15,"column":4}},"15":{"start":{"line":16,"column":0},"end":{"line":16,"column":1}}},"s":{"0":7,"1":7,"2":7,"3":7,"4":7,"5":7,"6":7,"7":7,"8":7,"9":7,"10":7,"11":7,"12":7,"13":7,"14":7,"15":7},"branchMap":{"0":{"type":"branch","line":1,"loc":{"start":{"line":1,"column":0},"end":{"line":16,"column":1}},"locations":[{"start":{"line":1,"column":0},"end":{"line":16,"column":1}}]},"1":{"type":"branch","line":8,"loc":{"start":{"line":8,"column":13},"end":{"line":8,"column":52}},"locations":[{"start":{"line":8,"column":13},"end":{"line":8,"column":52}}]}},"b":{"0":[7],"1":[2]},"fnMap":{"0":{"name":"EventBox","decl":{"start":{"line":1,"column":0},"end":{"line":16,"column":1}},"loc":{"start":{"line":1,"column":0},"end":{"line":16,"column":1}},"line":1}},"f":{"0":7}}
,"C:\\Users\\moham\\Desktop\\tessera-frontend\\src\\components\\Landing.jsx": {"path":"C:\\Users\\moham\\Desktop\\tessera-frontend\\src\\components\\Landing.jsx","all":false,"statementMap":{"0":{"start":{"line":1,"column":0},"end":{"line":1,"column":44}},"1":{"start":{"line":2,"column":0},"end":{"line":2,"column":62}},"2":{"start":{"line":3,"column":0},"end":{"line":3,"column":64}},"3":{"start":{"line":4,"column":0},"end":{"line":4,"column":55}},"4":{"start":{"line":5,"column":0},"end":{"line":5,"column":0}},"5":{"start":{"line":6,"column":0},"end":{"line":6,"column":34}},"6":{"start":{"line":7,"column":0},"end":{"line":7,"column":0}},"7":{"start":{"line":8,"column":0},"end":{"line":8,"column":35}},"8":{"start":{"line":9,"column":0},"end":{"line":9,"column":39}},"9":{"start":{"line":10,"column":0},"end":{"line":10,"column":0}},"10":{"start":{"line":11,"column":0},"end":{"line":11,"column":19}},"11":{"start":{"line":12,"column":0},"end":{"line":12,"column":54}},"12":{"start":{"line":13,"column":0},"end":{"line":13,"column":31}},"13":{"start":{"line":14,"column":0},"end":{"line":14,"column":135}},"14":{"start":{"line":15,"column":0},"end":{"line":15,"column":8}},"15":{"start":{"line":16,"column":0},"end":{"line":16,"column":0}},"16":{"start":{"line":17,"column":0},"end":{"line":17,"column":37}},"17":{"start":{"line":18,"column":0},"end":{"line":18,"column":22}},"18":{"start":{"line":19,"column":0},"end":{"line":19,"column":70}},"19":{"start":{"line":20,"column":0},"end":{"line":20,"column":24}},"20":{"start":{"line":21,"column":0},"end":{"line":21,"column":6}},"21":{"start":{"line":22,"column":0},"end":{"line":22,"column":0}},"22":{"start":{"line":23,"column":0},"end":{"line":23,"column":59}},"23":{"start":{"line":24,"column":0},"end":{"line":24,"column":54}},"24":{"start":{"line":25,"column":0},"end":{"line":25,"column":0}},"25":{"start":{"line":26,"column":0},"end":{"line":26,"column":37}},"26":{"start":{"line":27,"column":0},"end":{"line":27,"column":7}},"27":{"start":{"line":28,"column":0},"end":{"line":28,"column":9}},"28":{"start":{"line":29,"column":0},"end":{"line":29,"column":0}},"29":{"start":{"line":30,"column":0},"end":{"line":30,"column":10}},"30":{"start":{"line":31,"column":0},"end":{"line":31,"column":6}},"31":{"start":{"line":32,"column":0},"end":{"line":32,"column":11}},"32":{"start":{"line":33,"column":0},"end":{"line":33,"column":12}},"33":{"start":{"line":34,"column":0},"end":{"line":34,"column":14}},"34":{"start":{"line":35,"column":0},"end":{"line":35,"column":45}},"35":{"start":{"line":36,"column":0},"end":{"line":36,"column":15}},"36":{"start":{"line":37,"column":0},"end":{"line":37,"column":14}},"37":{"start":{"line":38,"column":0},"end":{"line":38,"column":43}},"38":{"start":{"line":39,"column":0},"end":{"line":39,"column":15}},"39":{"start":{"line":40,"column":0},"end":{"line":40,"column":13}},"40":{"start":{"line":41,"column":0},"end":{"line":41,"column":12}},"41":{"start":{"line":42,"column":0},"end":{"line":42,"column":27}},"42":{"start":{"line":43,"column":0},"end":{"line":43,"column":16}},"43":{"start":{"line":44,"column":0},"end":{"line":44,"column":18}},"44":{"start":{"line":45,"column":0},"end":{"line":45,"column":12}},"45":{"start":{"line":46,"column":0},"end":{"line":46,"column":73}},"46":{"start":{"line":47,"column":0},"end":{"line":47,"column":15}},"47":{"start":{"line":48,"column":0},"end":{"line":48,"column":15}},"48":{"start":{"line":49,"column":0},"end":{"line":49,"column":29}},"49":{"start":{"line":50,"column":0},"end":{"line":50,"column":29}},"50":{"start":{"line":51,"column":0},"end":{"line":51,"column":9}},"51":{"start":{"line":52,"column":0},"end":{"line":52,"column":15}},"52":{"start":{"line":53,"column":0},"end":{"line":53,"column":76}},"53":{"start":{"line":54,"column":0},"end":{"line":54,"column":26}},"54":{"start":{"line":55,"column":0},"end":{"line":55,"column":26}},"55":{"start":{"line":56,"column":0},"end":{"line":56,"column":56}},"56":{"start":{"line":57,"column":0},"end":{"line":57,"column":18}},"57":{"start":{"line":58,"column":0},"end":{"line":58,"column":14}},"58":{"start":{"line":59,"column":0},"end":{"line":59,"column":27}},"59":{"start":{"line":60,"column":0},"end":{"line":60,"column":15}},"60":{"start":{"line":61,"column":0},"end":{"line":61,"column":26}},"61":{"start":{"line":62,"column":0},"end":{"line":62,"column":35}},"62":{"start":{"line":63,"column":0},"end":{"line":63,"column":77}},"63":{"start":{"line":64,"column":0},"end":{"line":64,"column":21}},"64":{"start":{"line":65,"column":0},"end":{"line":65,"column":52}},"65":{"start":{"line":66,"column":0},"end":{"line":66,"column":59}},"66":{"start":{"line":67,"column":0},"end":{"line":67,"column":42}},"67":{"start":{"line":68,"column":0},"end":{"line":68,"column":87}},"68":{"start":{"line":69,"column":0},"end":{"line":69,"column":52}},"69":{"start":{"line":70,"column":0},"end":{"line":70,"column":39}},"70":{"start":{"line":71,"column":0},"end":{"line":71,"column":14}},"71":{"start":{"line":72,"column":0},"end":{"line":72,"column":21}},"72":{"start":{"line":73,"column":0},"end":{"line":73,"column":52}},"73":{"start":{"line":74,"column":0},"end":{"line":74,"column":65}},"74":{"start":{"line":75,"column":0},"end":{"line":75,"column":42}},"75":{"start":{"line":76,"column":0},"end":{"line":76,"column":79}},"76":{"start":{"line":77,"column":0},"end":{"line":77,"column":52}},"77":{"start":{"line":78,"column":0},"end":{"line":78,"column":38}},"78":{"start":{"line":79,"column":0},"end":{"line":79,"column":14}},"79":{"start":{"line":80,"column":0},"end":{"line":80,"column":21}},"80":{"start":{"line":81,"column":0},"end":{"line":81,"column":52}},"81":{"start":{"line":82,"column":0},"end":{"line":82,"column":51}},"82":{"start":{"line":83,"column":0},"end":{"line":83,"column":43}},"83":{"start":{"line":84,"column":0},"end":{"line":84,"column":87}},"84":{"start":{"line":85,"column":0},"end":{"line":85,"column":52}},"85":{"start":{"line":86,"column":0},"end":{"line":86,"column":39}},"86":{"start":{"line":87,"column":0},"end":{"line":87,"column":14}},"87":{"start":{"line":88,"column":0},"end":{"line":88,"column":21}},"88":{"start":{"line":89,"column":0},"end":{"line":89,"column":52}},"89":{"start":{"line":90,"column":0},"end":{"line":90,"column":61}},"90":{"start":{"line":91,"column":0},"end":{"line":91,"column":40}},"91":{"start":{"line":92,"column":0},"end":{"line":92,"column":87}},"92":{"start":{"line":93,"column":0},"end":{"line":93,"column":52}},"93":{"start":{"line":94,"column":0},"end":{"line":94,"column":39}},"94":{"start":{"line":95,"column":0},"end":{"line":95,"column":14}},"95":{"start":{"line":96,"column":0},"end":{"line":96,"column":21}},"96":{"start":{"line":97,"column":0},"end":{"line":97,"column":52}},"97":{"start":{"line":98,"column":0},"end":{"line":98,"column":67}},"98":{"start":{"line":99,"column":0},"end":{"line":99,"column":41}},"99":{"start":{"line":100,"column":0},"end":{"line":100,"column":78}},"100":{"start":{"line":101,"column":0},"end":{"line":101,"column":27}},"101":{"start":{"line":102,"column":0},"end":{"line":102,"column":42}},"102":{"start":{"line":103,"column":0},"end":{"line":103,"column":39}},"103":{"start":{"line":104,"column":0},"end":{"line":104,"column":14}},"104":{"start":{"line":105,"column":0},"end":{"line":105,"column":21}},"105":{"start":{"line":106,"column":0},"end":{"line":106,"column":52}},"106":{"start":{"line":107,"column":0},"end":{"line":107,"column":61}},"107":{"start":{"line":108,"column":0},"end":{"line":108,"column":42}},"108":{"start":{"line":109,"column":0},"end":{"line":109,"column":60}},"109":{"start":{"line":110,"column":0},"end":{"line":110,"column":27}},"110":{"start":{"line":111,"column":0},"end":{"line":111,"column":38}},"111":{"start":{"line":112,"column":0},"end":{"line":112,"column":39}},"112":{"start":{"line":113,"column":0},"end":{"line":113,"column":14}},"113":{"start":{"line":114,"column":0},"end":{"line":114,"column":34}},"114":{"start":{"line":115,"column":0},"end":{"line":115,"column":14}},"115":{"start":{"line":116,"column":0},"end":{"line":116,"column":28}},"116":{"start":{"line":117,"column":0},"end":{"line":117,"column":7}},"117":{"start":{"line":118,"column":0},"end":{"line":118,"column":4}},"118":{"start":{"line":119,"column":0},"end":{"line":119,"column":1}}},"s":{"0":1,"1":1,"2":1,"3":1,"4":1,"5":1,"6":1,"7":1,"8":1,"9":1,"10":1,"11":1,"12":0,"13":0,"14":0,"15":0,"16":0,"17":0,"18":0,"19":0,"20":0,"21":1,"22":1,"23":0,"24":0,"25":0,"26":1,"27":1,"28":1,"29":1,"30":1,"31":1,"32":1,"33":1,"34":1,"35":1,"36":1,"37":1,"38":1,"39":1,"40":1,"41":1,"42":1,"43":1,"44":1,"45":1,"46":1,"47":1,"48":1,"49":1,"50":1,"51":1,"52":1,"53":1,"54":1,"55":1,"56":1,"57":1,"58":1,"59":1,"60":1,"61":1,"62":1,"63":1,"64":1,"65":1,"66":1,"67":1,"68":1,"69":1,"70":1,"71":1,"72":1,"73":1,"74":1,"75":1,"76":1,"77":1,"78":1,"79":1,"80":1,"81":1,"82":1,"83":1,"84":1,"85":1,"86":1,"87":1,"88":1,"89":1,"90":1,"91":1,"92":1,"93":1,"94":1,"95":1,"96":1,"97":1,"98":1,"99":1,"100":1,"101":1,"102":1,"103":1,"104":1,"105":1,"106":1,"107":1,"108":1,"109":1,"110":1,"111":1,"112":1,"113":1,"114":1,"115":1,"116":1,"117":1,"118":1},"branchMap":{"0":{"type":"branch","line":8,"loc":{"start":{"line":8,"column":0},"end":{"line":119,"column":1}},"locations":[{"start":{"line":8,"column":0},"end":{"line":119,"column":1}}]},"1":{"type":"branch","line":11,"loc":{"start":{"line":11,"column":12},"end":{"line":28,"column":5}},"locations":[{"start":{"line":11,"column":12},"end":{"line":28,"column":5}}]},"2":{"type":"branch","line":23,"loc":{"start":{"line":23,"column":14},"end":{"line":23,"column":46}},"locations":[{"start":{"line":23,"column":14},"end":{"line":23,"column":46}}]}},"b":{"0":[1],"1":[1],"2":[0]},"fnMap":{"0":{"name":"Landing","decl":{"start":{"line":8,"column":0},"end":{"line":119,"column":1}},"loc":{"start":{"line":8,"column":0},"end":{"line":119,"column":1}},"line":8},"1":{"name":"fetchData","decl":{"start":{"line":12,"column":22},"end":{"line":21,"column":6}},"loc":{"start":{"line":12,"column":22},"end":{"line":21,"column":6}},"line":12}},"f":{"0":1,"1":0}}
,"C:\\Users\\moham\\Desktop\\tessera-frontend\\src\\components\\styles\\Landing.styled.jsx": {"path":"C:\\Users\\moham\\Desktop\\tessera-frontend\\src\\components\\styles\\Landing.styled.jsx","all":false,"statementMap":{"0":{"start":{"line":1,"column":0},"end":{"line":1,"column":39}},"1":{"start":{"line":2,"column":0},"end":{"line":2,"column":48}},"2":{"start":{"line":3,"column":0},"end":{"line":3,"column":0}},"3":{"start":{"line":4,"column":0},"end":{"line":4,"column":50}},"4":{"start":{"line":5,"column":0},"end":{"line":5,"column":22}},"5":{"start":{"line":6,"column":0},"end":{"line":6,"column":0}},"6":{"start":{"line":7,"column":0},"end":{"line":7,"column":6}},"7":{"start":{"line":8,"column":0},"end":{"line":8,"column":20}},"8":{"start":{"line":9,"column":0},"end":{"line":9,"column":9}},"9":{"start":{"line":10,"column":0},"end":{"line":10,"column":18}},"10":{"start":{"line":11,"column":0},"end":{"line":11,"column":19}},"11":{"start":{"line":12,"column":0},"end":{"line":12,"column":28}},"12":{"start":{"line":13,"column":0},"end":{"line":13,"column":5}},"13":{"start":{"line":14,"column":0},"end":{"line":14,"column":10}},"14":{"start":{"line":15,"column":0},"end":{"line":15,"column":29}},"15":{"start":{"line":16,"column":0},"end":{"line":16,"column":5}},"16":{"start":{"line":17,"column":0},"end":{"line":17,"column":3}},"17":{"start":{"line":18,"column":0},"end":{"line":18,"column":0}},"18":{"start":{"line":19,"column":0},"end":{"line":19,"column":6}},"19":{"start":{"line":20,"column":0},"end":{"line":20,"column":20}},"20":{"start":{"line":21,"column":0},"end":{"line":21,"column":21}},"21":{"start":{"line":22,"column":0},"end":{"line":22,"column":3}},"22":{"start":{"line":23,"column":0},"end":{"line":23,"column":2}},"23":{"start":{"line":24,"column":0},"end":{"line":24,"column":0}},"24":{"start":{"line":25,"column":0},"end":{"line":25,"column":48}},"25":{"start":{"line":26,"column":0},"end":{"line":26,"column":16}},"26":{"start":{"line":27,"column":0},"end":{"line":27,"column":62}},"27":{"start":{"line":28,"column":0},"end":{"line":28,"column":12}},"28":{"start":{"line":29,"column":0},"end":{"line":29,"column":22}},"29":{"start":{"line":30,"column":0},"end":{"line":30,"column":15}},"30":{"start":{"line":31,"column":0},"end":{"line":31,"column":18}},"31":{"start":{"line":32,"column":0},"end":{"line":32,"column":27}},"32":{"start":{"line":33,"column":0},"end":{"line":33,"column":0}},"33":{"start":{"line":34,"column":0},"end":{"line":34,"column":14}},"34":{"start":{"line":35,"column":0},"end":{"line":35,"column":34}},"35":{"start":{"line":36,"column":0},"end":{"line":36,"column":56}},"36":{"start":{"line":37,"column":0},"end":{"line":37,"column":25}},"37":{"start":{"line":38,"column":0},"end":{"line":38,"column":21}},"38":{"start":{"line":39,"column":0},"end":{"line":39,"column":0}},"39":{"start":{"line":40,"column":0},"end":{"line":40,"column":11}},"40":{"start":{"line":41,"column":0},"end":{"line":41,"column":27}},"41":{"start":{"line":42,"column":0},"end":{"line":42,"column":5}},"42":{"start":{"line":43,"column":0},"end":{"line":43,"column":9}},"43":{"start":{"line":44,"column":0},"end":{"line":44,"column":27}},"44":{"start":{"line":45,"column":0},"end":{"line":45,"column":5}},"45":{"start":{"line":46,"column":0},"end":{"line":46,"column":8}},"46":{"start":{"line":47,"column":0},"end":{"line":47,"column":22}},"47":{"start":{"line":48,"column":0},"end":{"line":48,"column":23}},"48":{"start":{"line":49,"column":0},"end":{"line":49,"column":5}},"49":{"start":{"line":50,"column":0},"end":{"line":50,"column":8}},"50":{"start":{"line":51,"column":0},"end":{"line":51,"column":21}},"51":{"start":{"line":52,"column":0},"end":{"line":52,"column":24}},"52":{"start":{"line":53,"column":0},"end":{"line":53,"column":5}},"53":{"start":{"line":54,"column":0},"end":{"line":54,"column":7}},"54":{"start":{"line":55,"column":0},"end":{"line":55,"column":23}},"55":{"start":{"line":56,"column":0},"end":{"line":56,"column":21}},"56":{"start":{"line":57,"column":0},"end":{"line":57,"column":5}},"57":{"start":{"line":58,"column":0},"end":{"line":58,"column":0}},"58":{"start":{"line":59,"column":0},"end":{"line":59,"column":10}},"59":{"start":{"line":60,"column":0},"end":{"line":60,"column":24}},"60":{"start":{"line":61,"column":0},"end":{"line":61,"column":23}},"61":{"start":{"line":62,"column":0},"end":{"line":62,"column":25}},"62":{"start":{"line":63,"column":0},"end":{"line":63,"column":20}},"63":{"start":{"line":64,"column":0},"end":{"line":64,"column":26}},"64":{"start":{"line":65,"column":0},"end":{"line":65,"column":18}},"65":{"start":{"line":66,"column":0},"end":{"line":66,"column":5}},"66":{"start":{"line":67,"column":0},"end":{"line":67,"column":0}},"67":{"start":{"line":68,"column":0},"end":{"line":68,"column":13}},"68":{"start":{"line":69,"column":0},"end":{"line":69,"column":58}},"69":{"start":{"line":70,"column":0},"end":{"line":70,"column":5}},"70":{"start":{"line":71,"column":0},"end":{"line":71,"column":3}},"71":{"start":{"line":72,"column":0},"end":{"line":72,"column":2}}},"s":{"0":1,"1":1,"2":1,"3":1,"4":1,"5":1,"6":1,"7":1,"8":1,"9":1,"10":1,"11":1,"12":1,"13":1,"14":1,"15":1,"16":1,"17":1,"18":1,"19":1,"20":1,"21":1,"22":1,"23":1,"24":1,"25":1,"26":1,"27":1,"28":1,"29":1,"30":1,"31":1,"32":1,"33":1,"34":1,"35":1,"36":1,"37":1,"38":1,"39":1,"40":1,"41":1,"42":1,"43":1,"44":1,"45":1,"46":1,"47":1,"48":1,"49":1,"50":1,"51":1,"52":1,"53":1,"54":1,"55":1,"56":1,"57":1,"58":1,"59":1,"60":1,"61":1,"62":1,"63":1,"64":1,"65":1,"66":1,"67":1,"68":1,"69":1,"70":1,"71":1},"branchMap":{"0":{"type":"branch","line":4,"loc":{"start":{"line":4,"column":42},"end":{"line":4,"column":50}},"locations":[{"start":{"line":4,"column":42},"end":{"line":4,"column":50}}]},"1":{"type":"branch","line":25,"loc":{"start":{"line":25,"column":44},"end":{"line":25,"column":48}},"locations":[{"start":{"line":25,"column":44},"end":{"line":25,"column":48}}]}},"b":{"0":[1],"1":[1]},"fnMap":{"0":{"name":"get","decl":{"start":{"line":4,"column":42},"end":{"line":4,"column":50}},"loc":{"start":{"line":4,"column":42},"end":{"line":4,"column":50}},"line":4},"1":{"name":"get","decl":{"start":{"line":25,"column":44},"end":{"line":25,"column":48}},"loc":{"start":{"line":25,"column":44},"end":{"line":25,"column":48}},"line":25}},"f":{"0":1,"1":1}}
}
